c:\users\shosu\documents\visual studio 2017\proyects\compugraficaavanzada\computaciongraficaavanzada\release\14-openal.lib
c:\users\shosu\documents\visual studio 2017\proyects\compugraficaavanzada\computaciongraficaavanzada\release\14-openal.exp
c:\users\shosu\documents\visual studio 2017\proyects\compugraficaavanzada\computaciongraficaavanzada\release\14-openal.ipdb
c:\users\shosu\documents\visual studio 2017\proyects\compugraficaavanzada\computaciongraficaavanzada\release\14-openal.iobj
c:\users\shosu\documents\visual studio 2017\proyects\compugraficaproyecto\computaciongraficaavanzadaproyecto\release\14-openal.lib
c:\users\shosu\documents\visual studio 2017\proyects\compugraficaproyecto\computaciongraficaavanzadaproyecto\release\14-openal.exp
c:\users\shosu\documents\visual studio 2017\proyects\compugraficaproyecto\computaciongraficaavanzadaproyecto\release\14-openal.ipdb
c:\users\shosu\documents\visual studio 2017\proyects\compugraficaproyecto\computaciongraficaavanzadaproyecto\release\14-openal.iobj
c:\users\shosu\documents\visual studio 2017\proyects\compugraficaavanzada\computaciongraficaavanzada\14-openal\release\vc141.pdb
c:\users\shosu\documents\visual studio 2017\proyects\compugraficaavanzada\computaciongraficaavanzada\14-openal\release\main.obj
c:\users\shosu\documents\visual studio 2017\proyects\compugraficaavanzada\computaciongraficaavanzada\release\14-openal.exe
c:\users\shosu\documents\visual studio 2017\proyects\compugraficaavanzada\computaciongraficaavanzada\release\14-openal.pdb
c:\users\shosu\documents\visual studio 2017\proyects\compugraficaproyecto\computaciongraficaavanzadaproyecto\release\14-openal.exe
c:\users\shosu\documents\visual studio 2017\proyects\compugraficaproyecto\computaciongraficaavanzadaproyecto\release\14-openal.pdb
c:\users\shosu\documents\visual studio 2017\proyects\compugraficaproyecto\computaciongraficaavanzadaproyecto\defense pods\release\main.obj
c:\users\shosu\documents\visual studio 2017\proyects\compugraficaproyecto\computaciongraficaavanzadaproyecto\defense pods\release\vc141.pdb
c:\users\shosu\documents\visual studio 2017\proyects\compugraficaproyecto\computaciongraficaavanzadaproyecto\defense pods\release\14-openal.tlog\14-openal.write.1u.tlog
c:\users\shosu\documents\visual studio 2017\proyects\compugraficaproyecto\computaciongraficaavanzadaproyecto\defense pods\release\14-openal.tlog\cl.command.1.tlog
c:\users\shosu\documents\visual studio 2017\proyects\compugraficaproyecto\computaciongraficaavanzadaproyecto\defense pods\release\14-openal.tlog\cl.read.1.tlog
c:\users\shosu\documents\visual studio 2017\proyects\compugraficaproyecto\computaciongraficaavanzadaproyecto\defense pods\release\14-openal.tlog\cl.write.1.tlog
c:\users\shosu\documents\visual studio 2017\proyects\compugraficaproyecto\computaciongraficaavanzadaproyecto\defense pods\release\14-openal.tlog\link.command.1.tlog
c:\users\shosu\documents\visual studio 2017\proyects\compugraficaproyecto\computaciongraficaavanzadaproyecto\defense pods\release\14-openal.tlog\link.read.1.tlog
c:\users\shosu\documents\visual studio 2017\proyects\compugraficaproyecto\computaciongraficaavanzadaproyecto\defense pods\release\14-openal.tlog\link.write.1.tlog
