C:\Program Files (x86)\Microsoft Visual Studio\2017\Community\Common7\IDE\VC\VCTargets\Microsoft.CppBuild.targets(391,5): warning MSB8028: El directorio intermedio (Release\) contiene archivos compartidos de otro proyecto (14-OpenAL.vcxproj). Esto puede dar lugar a un comportamiento incorrecto de limpieza y recompilación.
  main.cpp
c:\users\shosu\documents\visual studio 2017\proyects\compugraficaproyecto\computaciongraficaavanzadaproyecto\cgalib\include\headers\abstractmodel.h(264): warning C4251: 'AbstractModel::position': struct 'glm::vec<3,float,0>' necesita tener una interfaz DLL para que la utilicen los clientes de class 'AbstractModel'
  c:\users\shosu\documents\visual studio 2017\proyects\compugraficaproyecto\computaciongraficaavanzadaproyecto\external\glm\glm\fwd.hpp(418): note: vea la declaración de 'glm::vec<3,float,0>'
c:\users\shosu\documents\visual studio 2017\proyects\compugraficaproyecto\computaciongraficaavanzadaproyecto\cgalib\include\headers\abstractmodel.h(265): warning C4251: 'AbstractModel::scale': struct 'glm::vec<3,float,0>' necesita tener una interfaz DLL para que la utilicen los clientes de class 'AbstractModel'
  c:\users\shosu\documents\visual studio 2017\proyects\compugraficaproyecto\computaciongraficaavanzadaproyecto\external\glm\glm\fwd.hpp(418): note: vea la declaración de 'glm::vec<3,float,0>'
c:\users\shosu\documents\visual studio 2017\proyects\compugraficaproyecto\computaciongraficaavanzadaproyecto\cgalib\include\headers\abstractmodel.h(266): warning C4251: 'AbstractModel::color': struct 'glm::vec<4,float,0>' necesita tener una interfaz DLL para que la utilicen los clientes de class 'AbstractModel'
  c:\users\shosu\documents\visual studio 2017\proyects\compugraficaproyecto\computaciongraficaavanzadaproyecto\external\glm\glm\fwd.hpp(419): note: vea la declaración de 'glm::vec<4,float,0>'
c:\users\shosu\documents\visual studio 2017\proyects\compugraficaproyecto\computaciongraficaavanzadaproyecto\cgalib\include\headers\abstractmodel.h(267): warning C4251: 'AbstractModel::orientation': struct 'glm::vec<3,float,0>' necesita tener una interfaz DLL para que la utilicen los clientes de class 'AbstractModel'
  c:\users\shosu\documents\visual studio 2017\proyects\compugraficaproyecto\computaciongraficaavanzadaproyecto\external\glm\glm\fwd.hpp(418): note: vea la declaración de 'glm::vec<3,float,0>'
c:\users\shosu\documents\visual studio 2017\proyects\compugraficaproyecto\computaciongraficaavanzadaproyecto\cgalib\include\headers\abstractmodel.h(269): warning C4251: 'AbstractModel::vertexArray': class 'std::vector<AbstractModel::Vertex,std::allocator<_Ty>>' necesita tener una interfaz DLL para que la utilicen los clientes de class 'AbstractModel'
          with
          [
              _Ty=AbstractModel::Vertex
          ]
  c:\users\shosu\documents\visual studio 2017\proyects\compugraficaproyecto\computaciongraficaavanzadaproyecto\cgalib\include\headers\abstractmodel.h(245): note: vea la declaración de 'std::vector<AbstractModel::Vertex,std::allocator<_Ty>>'
          with
          [
              _Ty=AbstractModel::Vertex
          ]
c:\users\shosu\documents\visual studio 2017\proyects\compugraficaproyecto\computaciongraficaavanzadaproyecto\cgalib\include\headers\abstractmodel.h(270): warning C4251: 'AbstractModel::index': class 'std::vector<std::seed_seq::result_type,std::allocator<_Ty>>' necesita tener una interfaz DLL para que la utilicen los clientes de class 'AbstractModel'
          with
          [
              _Ty=std::seed_seq::result_type
          ]
  c:\program files (x86)\microsoft visual studio\2017\community\vc\tools\msvc\14.16.27023\include\random(261): note: vea la declaración de 'std::vector<std::seed_seq::result_type,std::allocator<_Ty>>'
          with
          [
              _Ty=std::seed_seq::result_type
          ]
c:\users\shosu\documents\visual studio 2017\proyects\compugraficaproyecto\computaciongraficaavanzadaproyecto\cgalib\include\headers\abstractmodel.h(271): warning C4251: 'AbstractModel::aabb': class 'AbstractModel::AABB' necesita tener una interfaz DLL para que la utilicen los clientes de class 'AbstractModel'
  c:\users\shosu\documents\visual studio 2017\proyects\compugraficaproyecto\computaciongraficaavanzadaproyecto\cgalib\include\headers\abstractmodel.h(65): note: vea la declaración de 'AbstractModel::AABB'
c:\users\shosu\documents\visual studio 2017\proyects\compugraficaproyecto\computaciongraficaavanzadaproyecto\cgalib\include\headers\abstractmodel.h(272): warning C4251: 'AbstractModel::sbb': class 'AbstractModel::SBB' necesita tener una interfaz DLL para que la utilicen los clientes de class 'AbstractModel'
  c:\users\shosu\documents\visual studio 2017\proyects\compugraficaproyecto\computaciongraficaavanzadaproyecto\cgalib\include\headers\abstractmodel.h(51): note: vea la declaración de 'AbstractModel::SBB'
c:\users\shosu\documents\visual studio 2017\proyects\compugraficaproyecto\computaciongraficaavanzadaproyecto\cgalib\include\headers\abstractmodel.h(273): warning C4251: 'AbstractModel::obb': class 'AbstractModel::OBB' necesita tener una interfaz DLL para que la utilicen los clientes de class 'AbstractModel'
  c:\users\shosu\documents\visual studio 2017\proyects\compugraficaproyecto\computaciongraficaavanzadaproyecto\cgalib\include\headers\abstractmodel.h(94): note: vea la declaración de 'AbstractModel::OBB'
c:\users\shosu\documents\visual studio 2017\proyects\compugraficaproyecto\computaciongraficaavanzadaproyecto\cgalib\include\headers\abstractmodel.h(75): warning C4244: '=': conversión de 'double' a 'T'; posible pérdida de datos
          with
          [
              T=float
          ]
c:\users\shosu\documents\visual studio 2017\proyects\compugraficaproyecto\computaciongraficaavanzadaproyecto\cgalib\include\headers\abstractmodel.h(76): warning C4244: '=': conversión de 'double' a 'T'; posible pérdida de datos
          with
          [
              T=float
          ]
c:\users\shosu\documents\visual studio 2017\proyects\compugraficaproyecto\computaciongraficaavanzadaproyecto\cgalib\include\headers\abstractmodel.h(77): warning C4244: '=': conversión de 'double' a 'T'; posible pérdida de datos
          with
          [
              T=float
          ]
c:\users\shosu\documents\visual studio 2017\proyects\compugraficaproyecto\computaciongraficaavanzadaproyecto\cgalib\include\headers\abstractmodel.h(78): warning C4244: '=': conversión de 'double' a 'T'; posible pérdida de datos
          with
          [
              T=float
          ]
c:\users\shosu\documents\visual studio 2017\proyects\compugraficaproyecto\computaciongraficaavanzadaproyecto\cgalib\include\headers\abstractmodel.h(79): warning C4244: '=': conversión de 'double' a 'T'; posible pérdida de datos
          with
          [
              T=float
          ]
c:\users\shosu\documents\visual studio 2017\proyects\compugraficaproyecto\computaciongraficaavanzadaproyecto\cgalib\include\headers\abstractmodel.h(80): warning C4244: '=': conversión de 'double' a 'T'; posible pérdida de datos
          with
          [
              T=float
          ]
c:\users\shosu\documents\visual studio 2017\proyects\compugraficaproyecto\computaciongraficaavanzadaproyecto\cgalib\include\headers\sphere.h(39): warning C4251: 'Sphere::sbb': class 'AbstractModel::SBB' necesita tener una interfaz DLL para que la utilicen los clientes de class 'Sphere'
  c:\users\shosu\documents\visual studio 2017\proyects\compugraficaproyecto\computaciongraficaavanzadaproyecto\cgalib\include\headers\abstractmodel.h(51): note: vea la declaración de 'AbstractModel::SBB'
c:\users\shosu\documents\visual studio 2017\proyects\compugraficaproyecto\computaciongraficaavanzadaproyecto\cgalib\include\headers\box.h(37): warning C4251: 'Box::aabb': class 'AbstractModel::AABB' necesita tener una interfaz DLL para que la utilicen los clientes de class 'Box'
  c:\users\shosu\documents\visual studio 2017\proyects\compugraficaproyecto\computaciongraficaavanzadaproyecto\cgalib\include\headers\abstractmodel.h(65): note: vea la declaración de 'AbstractModel::AABB'
c:\users\shosu\documents\visual studio 2017\proyects\compugraficaproyecto\computaciongraficaavanzadaproyecto\cgalib\include\headers\camera.h(115): warning C4251: 'Camera::position': struct 'glm::vec<3,float,0>' necesita tener una interfaz DLL para que la utilicen los clientes de class 'Camera'
  c:\users\shosu\documents\visual studio 2017\proyects\compugraficaproyecto\computaciongraficaavanzadaproyecto\external\glm\glm\fwd.hpp(418): note: vea la declaración de 'glm::vec<3,float,0>'
c:\users\shosu\documents\visual studio 2017\proyects\compugraficaproyecto\computaciongraficaavanzadaproyecto\cgalib\include\headers\camera.h(116): warning C4251: 'Camera::front': struct 'glm::vec<3,float,0>' necesita tener una interfaz DLL para que la utilicen los clientes de class 'Camera'
  c:\users\shosu\documents\visual studio 2017\proyects\compugraficaproyecto\computaciongraficaavanzadaproyecto\external\glm\glm\fwd.hpp(418): note: vea la declaración de 'glm::vec<3,float,0>'
c:\users\shosu\documents\visual studio 2017\proyects\compugraficaproyecto\computaciongraficaavanzadaproyecto\cgalib\include\headers\camera.h(117): warning C4251: 'Camera::up': struct 'glm::vec<3,float,0>' necesita tener una interfaz DLL para que la utilicen los clientes de class 'Camera'
  c:\users\shosu\documents\visual studio 2017\proyects\compugraficaproyecto\computaciongraficaavanzadaproyecto\external\glm\glm\fwd.hpp(418): note: vea la declaración de 'glm::vec<3,float,0>'
c:\users\shosu\documents\visual studio 2017\proyects\compugraficaproyecto\computaciongraficaavanzadaproyecto\cgalib\include\headers\camera.h(118): warning C4251: 'Camera::right': struct 'glm::vec<3,float,0>' necesita tener una interfaz DLL para que la utilicen los clientes de class 'Camera'
  c:\users\shosu\documents\visual studio 2017\proyects\compugraficaproyecto\computaciongraficaavanzadaproyecto\external\glm\glm\fwd.hpp(418): note: vea la declaración de 'glm::vec<3,float,0>'
c:\users\shosu\documents\visual studio 2017\proyects\compugraficaproyecto\computaciongraficaavanzadaproyecto\cgalib\include\headers\camera.h(119): warning C4251: 'Camera::worldUp': struct 'glm::vec<3,float,0>' necesita tener una interfaz DLL para que la utilicen los clientes de class 'Camera'
  c:\users\shosu\documents\visual studio 2017\proyects\compugraficaproyecto\computaciongraficaavanzadaproyecto\external\glm\glm\fwd.hpp(418): note: vea la declaración de 'glm::vec<3,float,0>'
c:\users\shosu\documents\visual studio 2017\proyects\compugraficaproyecto\computaciongraficaavanzadaproyecto\cgalib\include\headers\camera.h(121): warning C4251: 'Camera::cameraTarget': struct 'glm::vec<3,float,0>' necesita tener una interfaz DLL para que la utilicen los clientes de class 'Camera'
  c:\users\shosu\documents\visual studio 2017\proyects\compugraficaproyecto\computaciongraficaavanzadaproyecto\external\glm\glm\fwd.hpp(418): note: vea la declaración de 'glm::vec<3,float,0>'
c:\users\shosu\documents\visual studio 2017\proyects\compugraficaproyecto\computaciongraficaavanzadaproyecto\cgalib\include\headers\texture.h(66): warning C4251: 'Texture::m_fileName': class 'std::basic_string<char,std::char_traits<char>,std::allocator<char>>' necesita tener una interfaz DLL para que la utilicen los clientes de class 'Texture'
  c:\program files (x86)\microsoft visual studio\2017\community\vc\tools\msvc\14.16.27023\include\xstring(4373): note: vea la declaración de 'std::basic_string<char,std::char_traits<char>,std::allocator<char>>'
c:\users\shosu\documents\visual studio 2017\proyects\compugraficaproyecto\computaciongraficaavanzadaproyecto\cgalib\include\headers\texture.h(69): warning C4251: 'Texture::type': class 'std::basic_string<char,std::char_traits<char>,std::allocator<char>>' necesita tener una interfaz DLL para que la utilicen los clientes de class 'Texture'
  c:\program files (x86)\microsoft visual studio\2017\community\vc\tools\msvc\14.16.27023\include\xstring(4373): note: vea la declaración de 'std::basic_string<char,std::char_traits<char>,std::allocator<char>>'
c:\users\shosu\documents\visual studio 2017\proyects\compugraficaproyecto\computaciongraficaavanzadaproyecto\cgalib\include\headers\bones.h(111): warning C4251: 'Bones::m_BoneMapping': class 'std::map<std::string,unsigned int,std::less<_Kty>,std::allocator<std::pair<const _Kty,_Ty>>>' necesita tener una interfaz DLL para que la utilicen los clientes de class 'Bones'
          with
          [
              _Kty=std::string,
              _Ty=unsigned int
          ]
  c:\users\shosu\documents\visual studio 2017\proyects\compugraficaproyecto\computaciongraficaavanzadaproyecto\cgalib\include\headers\bones.h(111): note: vea la declaración de 'std::map<std::string,unsigned int,std::less<_Kty>,std::allocator<std::pair<const _Kty,_Ty>>>'
          with
          [
              _Kty=std::string,
              _Ty=unsigned int
          ]
c:\users\shosu\documents\visual studio 2017\proyects\compugraficaproyecto\computaciongraficaavanzadaproyecto\cgalib\include\headers\bones.h(112): warning C4251: 'Bones::m_BoneInfo': class 'std::vector<Bones::BoneInfo,std::allocator<_Ty>>' necesita tener una interfaz DLL para que la utilicen los clientes de class 'Bones'
          with
          [
              _Ty=Bones::BoneInfo
          ]
  c:\users\shosu\documents\visual studio 2017\proyects\compugraficaproyecto\computaciongraficaavanzadaproyecto\cgalib\include\headers\bones.h(112): note: vea la declaración de 'std::vector<Bones::BoneInfo,std::allocator<_Ty>>'
          with
          [
              _Ty=Bones::BoneInfo
          ]
c:\users\shosu\documents\visual studio 2017\proyects\compugraficaproyecto\computaciongraficaavanzadaproyecto\cgalib\include\headers\bones.h(113): warning C4251: 'Bones::bones': class 'std::vector<Bones::VertexBoneData,std::allocator<_Ty>>' necesita tener una interfaz DLL para que la utilicen los clientes de class 'Bones'
          with
          [
              _Ty=Bones::VertexBoneData
          ]
  c:\users\shosu\documents\visual studio 2017\proyects\compugraficaproyecto\computaciongraficaavanzadaproyecto\cgalib\include\headers\bones.h(113): note: vea la declaración de 'std::vector<Bones::VertexBoneData,std::allocator<_Ty>>'
          with
          [
              _Ty=Bones::VertexBoneData
          ]
c:\users\shosu\documents\visual studio 2017\proyects\compugraficaproyecto\computaciongraficaavanzadaproyecto\cgalib\include\headers\mesh.h(54): warning C4251: 'Mesh::textures': class 'std::vector<Texture *,std::allocator<_Ty>>' necesita tener una interfaz DLL para que la utilicen los clientes de class 'Mesh'
          with
          [
              _Ty=Texture *
          ]
  c:\users\shosu\documents\visual studio 2017\proyects\compugraficaproyecto\computaciongraficaavanzadaproyecto\cgalib\include\headers\mesh.h(54): note: vea la declaración de 'std::vector<Texture *,std::allocator<_Ty>>'
          with
          [
              _Ty=Texture *
          ]
c:\users\shosu\documents\visual studio 2017\proyects\compugraficaproyecto\computaciongraficaavanzadaproyecto\cgalib\include\headers\model.h(66): warning C4251: 'Model::meshes': class 'std::vector<Mesh *,std::allocator<_Ty>>' necesita tener una interfaz DLL para que la utilicen los clientes de class 'Model'
          with
          [
              _Ty=Mesh *
          ]
  c:\users\shosu\documents\visual studio 2017\proyects\compugraficaproyecto\computaciongraficaavanzadaproyecto\cgalib\include\headers\model.h(50): note: vea la declaración de 'std::vector<Mesh *,std::allocator<_Ty>>'
          with
          [
              _Ty=Mesh *
          ]
c:\users\shosu\documents\visual studio 2017\proyects\compugraficaproyecto\computaciongraficaavanzadaproyecto\cgalib\include\headers\model.h(67): warning C4251: 'Model::textureLoaded': class 'std::vector<Texture *,std::allocator<_Ty>>' necesita tener una interfaz DLL para que la utilicen los clientes de class 'Model'
          with
          [
              _Ty=Texture *
          ]
  c:\users\shosu\documents\visual studio 2017\proyects\compugraficaproyecto\computaciongraficaavanzadaproyecto\cgalib\include\headers\mesh.h(54): note: vea la declaración de 'std::vector<Texture *,std::allocator<_Ty>>'
          with
          [
              _Ty=Texture *
          ]
c:\users\shosu\documents\visual studio 2017\proyects\compugraficaproyecto\computaciongraficaavanzadaproyecto\cgalib\include\headers\model.h(68): warning C4251: 'Model::directory': class 'std::basic_string<char,std::char_traits<char>,std::allocator<char>>' necesita tener una interfaz DLL para que la utilicen los clientes de class 'Model'
  c:\program files (x86)\microsoft visual studio\2017\community\vc\tools\msvc\14.16.27023\include\xstring(4373): note: vea la declaración de 'std::basic_string<char,std::char_traits<char>,std::allocator<char>>'
c:\users\shosu\documents\visual studio 2017\proyects\compugraficaproyecto\computaciongraficaavanzadaproyecto\cgalib\include\headers\model.h(70): warning C4251: 'Model::m_GlobalInverseTransform': struct 'glm::mat<4,4,glm::f32,0>' necesita tener una interfaz DLL para que la utilicen los clientes de class 'Model'
  c:\users\shosu\documents\visual studio 2017\proyects\compugraficaproyecto\computaciongraficaavanzadaproyecto\external\glm\glm\fwd.hpp(518): note: vea la declaración de 'glm::mat<4,4,glm::f32,0>'
c:\users\shosu\documents\visual studio 2017\proyects\compugraficaproyecto\computaciongraficaavanzadaproyecto\cgalib\include\headers\model.h(72): warning C4251: 'Model::importer': class 'Assimp::Importer' necesita tener una interfaz DLL para que la utilicen los clientes de class 'Model'
  c:\users\shosu\documents\visual studio 2017\proyects\compugraficaproyecto\computaciongraficaavanzadaproyecto\external\assimp\include\assimp\importer.hpp(115): note: vea la declaración de 'Assimp::Importer'
c:\users\shosu\documents\visual studio 2017\proyects\compugraficaproyecto\computaciongraficaavanzadaproyecto\cgalib\include\headers\terrain.h(50): warning C4251: 'Terrain::heightMap': class 'std::basic_string<char,std::char_traits<char>,std::allocator<char>>' necesita tener una interfaz DLL para que la utilicen los clientes de class 'Terrain'
  c:\program files (x86)\microsoft visual studio\2017\community\vc\tools\msvc\14.16.27023\include\xstring(4373): note: vea la declaración de 'std::basic_string<char,std::char_traits<char>,std::allocator<char>>'
c:\users\shosu\documents\visual studio 2017\proyects\compugraficaproyecto\computaciongraficaavanzadaproyecto\cgalib\include\headers\animationutils.h(57): warning C4273: 'matToString': vinculación de DLL incoherente
  c:\users\shosu\documents\visual studio 2017\proyects\compugraficaproyecto\computaciongraficaavanzadaproyecto\cgalib\include\headers\animationutils.h(45): note: vea la definición anterior de 'matToString'
c:\users\shosu\documents\visual studio 2017\proyects\compugraficaproyecto\computaciongraficaavanzadaproyecto\cgalib\include\headers\animationutils.h(69): warning C4273: 'appendFrame': vinculación de DLL incoherente
  c:\users\shosu\documents\visual studio 2017\proyects\compugraficaproyecto\computaciongraficaavanzadaproyecto\cgalib\include\headers\animationutils.h(46): note: vea la definición anterior de 'appendFrame'
c:\users\shosu\documents\visual studio 2017\proyects\compugraficaproyecto\computaciongraficaavanzadaproyecto\cgalib\include\headers\animationutils.h(78): warning C4273: 'appendFrame': vinculación de DLL incoherente
  c:\users\shosu\documents\visual studio 2017\proyects\compugraficaproyecto\computaciongraficaavanzadaproyecto\cgalib\include\headers\animationutils.h(48): note: vea la definición anterior de 'appendFrame'
c:\users\shosu\documents\visual studio 2017\proyects\compugraficaproyecto\computaciongraficaavanzadaproyecto\cgalib\include\headers\animationutils.h(86): warning C4273: 'getKeyFrames': vinculación de DLL incoherente
  c:\users\shosu\documents\visual studio 2017\proyects\compugraficaproyecto\computaciongraficaavanzadaproyecto\cgalib\include\headers\animationutils.h(50): note: vea la definición anterior de 'getKeyFrames'
c:\users\shosu\documents\visual studio 2017\proyects\compugraficaproyecto\computaciongraficaavanzadaproyecto\cgalib\include\headers\animationutils.h(112): warning C4244: '=': conversión de 'double' a 'float'; posible pérdida de datos
c:\users\shosu\documents\visual studio 2017\proyects\compugraficaproyecto\computaciongraficaavanzadaproyecto\cgalib\include\headers\animationutils.h(128): warning C4244: '=': conversión de 'double' a 'float'; posible pérdida de datos
c:\users\shosu\documents\visual studio 2017\proyects\compugraficaproyecto\computaciongraficaavanzadaproyecto\cgalib\include\headers\animationutils.h(138): warning C4273: 'getKeyRotFrames': vinculación de DLL incoherente
  c:\users\shosu\documents\visual studio 2017\proyects\compugraficaproyecto\computaciongraficaavanzadaproyecto\cgalib\include\headers\animationutils.h(51): note: vea la definición anterior de 'getKeyRotFrames'
c:\users\shosu\documents\visual studio 2017\proyects\compugraficaproyecto\computaciongraficaavanzadaproyecto\cgalib\include\headers\animationutils.h(153): warning C4244: 'inicializando': conversión de 'double' a 'float'; posible pérdida de datos
c:\users\shosu\documents\visual studio 2017\proyects\compugraficaproyecto\computaciongraficaavanzadaproyecto\cgalib\include\headers\animationutils.h(163): warning C4273: 'interpolate': vinculación de DLL incoherente
  c:\users\shosu\documents\visual studio 2017\proyects\compugraficaproyecto\computaciongraficaavanzadaproyecto\cgalib\include\headers\animationutils.h(52): note: vea la definición anterior de 'interpolate'
c:\users\shosu\documents\visual studio 2017\proyects\compugraficaproyecto\computaciongraficaavanzadaproyecto\cgalib\include\headers\animationutils.h(184): warning C4273: 'interpolate': vinculación de DLL incoherente
  c:\users\shosu\documents\visual studio 2017\proyects\compugraficaproyecto\computaciongraficaavanzadaproyecto\cgalib\include\headers\animationutils.h(54): note: vea la definición anterior de 'interpolate'
c:\users\shosu\documents\visual studio 2017\proyects\compugraficaproyecto\computaciongraficaavanzadaproyecto\cgalib\include\headers\colisiones.h(133): warning C4305: 'inicializando': truncamiento de 'double' a 'float'
c:\users\shosu\documents\visual studio 2017\proyects\compugraficaproyecto\computaciongraficaavanzadaproyecto\cgalib\include\headers\shadowbox.h(40): warning C4251: 'ShadowBox::front': struct 'glm::vec<3,float,0>' necesita tener una interfaz DLL para que la utilicen los clientes de class 'ShadowBox'
  c:\users\shosu\documents\visual studio 2017\proyects\compugraficaproyecto\computaciongraficaavanzadaproyecto\external\glm\glm\fwd.hpp(418): note: vea la declaración de 'glm::vec<3,float,0>'
c:\users\shosu\documents\visual studio 2017\proyects\compugraficaproyecto\computaciongraficaavanzadaproyecto\cgalib\include\headers\shadowbox.h(41): warning C4251: 'ShadowBox::up': struct 'glm::vec<3,float,0>' necesita tener una interfaz DLL para que la utilicen los clientes de class 'ShadowBox'
  c:\users\shosu\documents\visual studio 2017\proyects\compugraficaproyecto\computaciongraficaavanzadaproyecto\external\glm\glm\fwd.hpp(418): note: vea la declaración de 'glm::vec<3,float,0>'
c:\users\shosu\documents\visual studio 2017\proyects\compugraficaproyecto\computaciongraficaavanzadaproyecto\cgalib\include\headers\shadowbox.h(42): warning C4251: 'ShadowBox::right': struct 'glm::vec<3,float,0>' necesita tener una interfaz DLL para que la utilicen los clientes de class 'ShadowBox'
  c:\users\shosu\documents\visual studio 2017\proyects\compugraficaproyecto\computaciongraficaavanzadaproyecto\external\glm\glm\fwd.hpp(418): note: vea la declaración de 'glm::vec<3,float,0>'
c:\users\shosu\documents\visual studio 2017\proyects\compugraficaproyecto\computaciongraficaavanzadaproyecto\cgalib\include\headers\shadowbox.h(43): warning C4251: 'ShadowBox::mins': struct 'glm::vec<3,float,0>' necesita tener una interfaz DLL para que la utilicen los clientes de class 'ShadowBox'
  c:\users\shosu\documents\visual studio 2017\proyects\compugraficaproyecto\computaciongraficaavanzadaproyecto\external\glm\glm\fwd.hpp(418): note: vea la declaración de 'glm::vec<3,float,0>'
c:\users\shosu\documents\visual studio 2017\proyects\compugraficaproyecto\computaciongraficaavanzadaproyecto\cgalib\include\headers\shadowbox.h(44): warning C4251: 'ShadowBox::maxs': struct 'glm::vec<3,float,0>' necesita tener una interfaz DLL para que la utilicen los clientes de class 'ShadowBox'
  c:\users\shosu\documents\visual studio 2017\proyects\compugraficaproyecto\computaciongraficaavanzadaproyecto\external\glm\glm\fwd.hpp(418): note: vea la declaración de 'glm::vec<3,float,0>'
c:\users\shosu\documents\visual studio 2017\proyects\compugraficaproyecto\computaciongraficaavanzadaproyecto\defense pods\src\main.cpp(195): warning C4305: 'inicializando': truncamiento de 'double' a '_Ty'
          with
          [
              _Ty=float
          ]
c:\users\shosu\documents\visual studio 2017\proyects\compugraficaproyecto\computaciongraficaavanzadaproyecto\defense pods\src\main.cpp(198): warning C4305: 'inicializando': truncamiento de 'double' a '_Ty'
          with
          [
              _Ty=float
          ]
c:\users\shosu\documents\visual studio 2017\proyects\compugraficaproyecto\computaciongraficaavanzadaproyecto\defense pods\src\main.cpp(992): warning C4018: '<': no coinciden signed/unsigned
c:\users\shosu\documents\visual studio 2017\proyects\compugraficaproyecto\computaciongraficaavanzadaproyecto\defense pods\src\main.cpp(1238): warning C4244: '=': conversión de 'double' a 'int'; posible pérdida de datos
c:\users\shosu\documents\visual studio 2017\proyects\compugraficaproyecto\computaciongraficaavanzadaproyecto\defense pods\src\main.cpp(1239): warning C4244: '=': conversión de 'double' a 'int'; posible pérdida de datos
c:\users\shosu\documents\visual studio 2017\proyects\compugraficaproyecto\computaciongraficaavanzadaproyecto\defense pods\src\main.cpp(1240): warning C4244: '=': conversión de 'double' a 'int'; posible pérdida de datos
c:\users\shosu\documents\visual studio 2017\proyects\compugraficaproyecto\computaciongraficaavanzadaproyecto\defense pods\src\main.cpp(1241): warning C4244: '=': conversión de 'double' a 'int'; posible pérdida de datos
c:\users\shosu\documents\visual studio 2017\proyects\compugraficaproyecto\computaciongraficaavanzadaproyecto\defense pods\src\main.cpp(1245): warning C4244: '-=': conversión de 'double' a 'float'; posible pérdida de datos
c:\users\shosu\documents\visual studio 2017\proyects\compugraficaproyecto\computaciongraficaavanzadaproyecto\defense pods\src\main.cpp(1272): warning C4244: 'argumento': conversión de 'double' a 'float'; posible pérdida de datos
c:\users\shosu\documents\visual studio 2017\proyects\compugraficaproyecto\computaciongraficaavanzadaproyecto\defense pods\src\main.cpp(1272): warning C4244: 'argumento': conversión de 'int' a 'float'; posible pérdida de datos
c:\users\shosu\documents\visual studio 2017\proyects\compugraficaproyecto\computaciongraficaavanzadaproyecto\defense pods\src\main.cpp(1274): warning C4244: 'argumento': conversión de 'double' a 'float'; posible pérdida de datos
c:\users\shosu\documents\visual studio 2017\proyects\compugraficaproyecto\computaciongraficaavanzadaproyecto\defense pods\src\main.cpp(1274): warning C4244: 'argumento': conversión de 'int' a 'float'; posible pérdida de datos
c:\users\shosu\documents\visual studio 2017\proyects\compugraficaproyecto\computaciongraficaavanzadaproyecto\defense pods\src\main.cpp(1319): warning C4305: '+=': truncamiento de 'double' a 'float'
c:\users\shosu\documents\visual studio 2017\proyects\compugraficaproyecto\computaciongraficaavanzadaproyecto\defense pods\src\main.cpp(1322): warning C4305: '-=': truncamiento de 'double' a 'float'
c:\users\shosu\documents\visual studio 2017\proyects\compugraficaproyecto\computaciongraficaavanzadaproyecto\defense pods\src\main.cpp(1325): warning C4305: '+=': truncamiento de 'double' a 'float'
c:\users\shosu\documents\visual studio 2017\proyects\compugraficaproyecto\computaciongraficaavanzadaproyecto\defense pods\src\main.cpp(1328): warning C4305: '-=': truncamiento de 'double' a 'float'
c:\users\shosu\documents\visual studio 2017\proyects\compugraficaproyecto\computaciongraficaavanzadaproyecto\defense pods\src\main.cpp(1331): warning C4305: '+=': truncamiento de 'double' a 'float'
c:\users\shosu\documents\visual studio 2017\proyects\compugraficaproyecto\computaciongraficaavanzadaproyecto\defense pods\src\main.cpp(1334): warning C4305: '-=': truncamiento de 'double' a 'float'
c:\users\shosu\documents\visual studio 2017\proyects\compugraficaproyecto\computaciongraficaavanzadaproyecto\defense pods\src\main.cpp(1337): warning C4305: '+=': truncamiento de 'double' a 'float'
c:\users\shosu\documents\visual studio 2017\proyects\compugraficaproyecto\computaciongraficaavanzadaproyecto\defense pods\src\main.cpp(1340): warning C4305: '-=': truncamiento de 'double' a 'float'
c:\users\shosu\documents\visual studio 2017\proyects\compugraficaproyecto\computaciongraficaavanzadaproyecto\defense pods\src\main.cpp(1343): warning C4305: '+=': truncamiento de 'double' a 'float'
c:\users\shosu\documents\visual studio 2017\proyects\compugraficaproyecto\computaciongraficaavanzadaproyecto\defense pods\src\main.cpp(1346): warning C4305: '-=': truncamiento de 'double' a 'float'
c:\users\shosu\documents\visual studio 2017\proyects\compugraficaproyecto\computaciongraficaavanzadaproyecto\defense pods\src\main.cpp(1349): warning C4305: '+=': truncamiento de 'double' a 'float'
c:\users\shosu\documents\visual studio 2017\proyects\compugraficaproyecto\computaciongraficaavanzadaproyecto\defense pods\src\main.cpp(1352): warning C4305: '-=': truncamiento de 'double' a 'float'
c:\users\shosu\documents\visual studio 2017\proyects\compugraficaproyecto\computaciongraficaavanzadaproyecto\defense pods\src\main.cpp(1355): warning C4305: '+=': truncamiento de 'double' a 'float'
c:\users\shosu\documents\visual studio 2017\proyects\compugraficaproyecto\computaciongraficaavanzadaproyecto\defense pods\src\main.cpp(1358): warning C4305: '-=': truncamiento de 'double' a 'float'
c:\users\shosu\documents\visual studio 2017\proyects\compugraficaproyecto\computaciongraficaavanzadaproyecto\defense pods\src\main.cpp(1408): warning C4244: '=': conversión de 'double' a 'T'; posible pérdida de datos
          with
          [
              T=float
          ]
c:\users\shosu\documents\visual studio 2017\proyects\compugraficaproyecto\computaciongraficaavanzadaproyecto\defense pods\src\main.cpp(1428): warning C4305: 'argumento': truncamiento de 'double' a 'float'
c:\users\shosu\documents\visual studio 2017\proyects\compugraficaproyecto\computaciongraficaavanzadaproyecto\defense pods\src\main.cpp(1486): warning C4244: '=': conversión de 'double' a 'T'; posible pérdida de datos
          with
          [
              T=float
          ]
c:\users\shosu\documents\visual studio 2017\proyects\compugraficaproyecto\computaciongraficaavanzadaproyecto\defense pods\src\main.cpp(1487): warning C4244: '=': conversión de 'double' a 'T'; posible pérdida de datos
          with
          [
              T=float
          ]
c:\users\shosu\documents\visual studio 2017\proyects\compugraficaproyecto\computaciongraficaavanzadaproyecto\defense pods\src\main.cpp(1488): warning C4244: '=': conversión de 'double' a 'T'; posible pérdida de datos
          with
          [
              T=float
          ]
c:\users\shosu\documents\visual studio 2017\proyects\compugraficaproyecto\computaciongraficaavanzadaproyecto\defense pods\src\main.cpp(1565): warning C4305: 'argumento': truncamiento de 'double' a 'float'
c:\users\shosu\documents\visual studio 2017\proyects\compugraficaproyecto\computaciongraficaavanzadaproyecto\defense pods\src\main.cpp(1566): warning C4305: 'argumento': truncamiento de 'double' a 'float'
c:\users\shosu\documents\visual studio 2017\proyects\compugraficaproyecto\computaciongraficaavanzadaproyecto\defense pods\src\main.cpp(1575): warning C4305: 'argumento': truncamiento de 'double' a 'float'
c:\users\shosu\documents\visual studio 2017\proyects\compugraficaproyecto\computaciongraficaavanzadaproyecto\defense pods\src\main.cpp(1576): warning C4305: 'argumento': truncamiento de 'double' a 'float'
c:\users\shosu\documents\visual studio 2017\proyects\compugraficaproyecto\computaciongraficaavanzadaproyecto\defense pods\src\main.cpp(1585): warning C4018: '<': no coinciden signed/unsigned
c:\users\shosu\documents\visual studio 2017\proyects\compugraficaproyecto\computaciongraficaavanzadaproyecto\defense pods\src\main.cpp(1597): warning C4305: 'argumento': truncamiento de 'double' a 'float'
c:\users\shosu\documents\visual studio 2017\proyects\compugraficaproyecto\computaciongraficaavanzadaproyecto\defense pods\src\main.cpp(1598): warning C4305: 'argumento': truncamiento de 'double' a 'float'
c:\users\shosu\documents\visual studio 2017\proyects\compugraficaproyecto\computaciongraficaavanzadaproyecto\defense pods\src\main.cpp(1604): warning C4305: 'argumento': truncamiento de 'double' a 'float'
c:\users\shosu\documents\visual studio 2017\proyects\compugraficaproyecto\computaciongraficaavanzadaproyecto\defense pods\src\main.cpp(1605): warning C4305: 'argumento': truncamiento de 'double' a 'float'
c:\users\shosu\documents\visual studio 2017\proyects\compugraficaproyecto\computaciongraficaavanzadaproyecto\defense pods\src\main.cpp(1607): warning C4018: '<': no coinciden signed/unsigned
c:\users\shosu\documents\visual studio 2017\proyects\compugraficaproyecto\computaciongraficaavanzadaproyecto\defense pods\src\main.cpp(1619): warning C4305: 'argumento': truncamiento de 'double' a 'float'
c:\users\shosu\documents\visual studio 2017\proyects\compugraficaproyecto\computaciongraficaavanzadaproyecto\defense pods\src\main.cpp(1620): warning C4305: 'argumento': truncamiento de 'double' a 'float'
c:\users\shosu\documents\visual studio 2017\proyects\compugraficaproyecto\computaciongraficaavanzadaproyecto\defense pods\src\main.cpp(1626): warning C4305: 'argumento': truncamiento de 'double' a 'float'
c:\users\shosu\documents\visual studio 2017\proyects\compugraficaproyecto\computaciongraficaavanzadaproyecto\defense pods\src\main.cpp(1627): warning C4305: 'argumento': truncamiento de 'double' a 'float'
c:\users\shosu\documents\visual studio 2017\proyects\compugraficaproyecto\computaciongraficaavanzadaproyecto\defense pods\src\main.cpp(1739): warning C4244: '=': conversión de 'double' a 'float'; posible pérdida de datos
c:\users\shosu\documents\visual studio 2017\proyects\compugraficaproyecto\computaciongraficaavanzadaproyecto\defense pods\src\main.cpp(1743): warning C4018: '<': no coinciden signed/unsigned
c:\users\shosu\documents\visual studio 2017\proyects\compugraficaproyecto\computaciongraficaavanzadaproyecto\defense pods\src\main.cpp(1760): warning C4018: '<': no coinciden signed/unsigned
c:\users\shosu\documents\visual studio 2017\proyects\compugraficaproyecto\computaciongraficaavanzadaproyecto\defense pods\src\main.cpp(1945): warning C4018: '>': no coinciden signed/unsigned
c:\users\shosu\documents\visual studio 2017\proyects\compugraficaproyecto\computaciongraficaavanzadaproyecto\defense pods\src\main.cpp(1973): warning C4018: '>': no coinciden signed/unsigned
c:\users\shosu\documents\visual studio 2017\proyects\compugraficaproyecto\computaciongraficaavanzadaproyecto\defense pods\src\main.cpp(2193): warning C4018: '<': no coinciden signed/unsigned
c:\users\shosu\documents\visual studio 2017\proyects\compugraficaproyecto\computaciongraficaavanzadaproyecto\defense pods\src\main.cpp(2201): warning C4018: '<': no coinciden signed/unsigned
c:\users\shosu\documents\visual studio 2017\proyects\compugraficaproyecto\computaciongraficaavanzadaproyecto\defense pods\src\main.cpp(2317): warning C4244: '=': conversión de 'double' a 'T'; posible pérdida de datos
          with
          [
              T=float
          ]
c:\users\shosu\documents\visual studio 2017\proyects\compugraficaproyecto\computaciongraficaavanzadaproyecto\defense pods\src\main.cpp(2356): warning C4244: '=': conversión de 'double' a 'T'; posible pérdida de datos
          with
          [
              T=float
          ]
c:\users\shosu\documents\visual studio 2017\proyects\compugraficaproyecto\computaciongraficaavanzadaproyecto\defense pods\src\main.cpp(2390): warning C4244: 'argumento': conversión de 'double' a 'float'; posible pérdida de datos
c:\users\shosu\documents\visual studio 2017\proyects\compugraficaproyecto\computaciongraficaavanzadaproyecto\defense pods\src\main.cpp(2391): warning C4244: 'argumento': conversión de 'double' a 'float'; posible pérdida de datos
     Creando biblioteca C:\Users\shosu\Documents\Visual Studio 2017\Proyects\CompuGraficaProyecto\ComputacionGraficaAvanzadaProyecto\Release\Defense Pods.lib y objeto C:\Users\shosu\Documents\Visual Studio 2017\Proyects\CompuGraficaProyecto\ComputacionGraficaAvanzadaProyecto\Release\Defense Pods.exp
LINK : warning LNK4098: la biblioteca predeterminada'MSVCRTD' entra en conflicto con otras bibliotecas; use la biblioteca /NODEFAULTLIB:biblioteca
  Generando código
  0 of 1847 functions ( 0.0%) were compiled, the rest were copied from previous compilation.
    0 functions were new in current compilation
    2 functions had inline decision re-evaluated but remain unchanged
  Generación de código finalizada
glfw3.lib(context.obj) : warning LNK4099: no se encontró PDB 'glfw.pdb' con 'glfw3.lib(context.obj)' o en 'C:\Users\shosu\Documents\Visual Studio 2017\Proyects\CompuGraficaProyecto\ComputacionGraficaAvanzadaProyecto\Release\glfw.pdb'; se vinculará el objeto sin tener en cuenta información de depuración
glfw3.lib(init.obj) : warning LNK4099: no se encontró PDB 'glfw.pdb' con 'glfw3.lib(init.obj)' o en 'C:\Users\shosu\Documents\Visual Studio 2017\Proyects\CompuGraficaProyecto\ComputacionGraficaAvanzadaProyecto\Release\glfw.pdb'; se vinculará el objeto sin tener en cuenta información de depuración
glfw3.lib(input.obj) : warning LNK4099: no se encontró PDB 'glfw.pdb' con 'glfw3.lib(input.obj)' o en 'C:\Users\shosu\Documents\Visual Studio 2017\Proyects\CompuGraficaProyecto\ComputacionGraficaAvanzadaProyecto\Release\glfw.pdb'; se vinculará el objeto sin tener en cuenta información de depuración
glfw3.lib(monitor.obj) : warning LNK4099: no se encontró PDB 'glfw.pdb' con 'glfw3.lib(monitor.obj)' o en 'C:\Users\shosu\Documents\Visual Studio 2017\Proyects\CompuGraficaProyecto\ComputacionGraficaAvanzadaProyecto\Release\glfw.pdb'; se vinculará el objeto sin tener en cuenta información de depuración
glfw3.lib(vulkan.obj) : warning LNK4099: no se encontró PDB 'glfw.pdb' con 'glfw3.lib(vulkan.obj)' o en 'C:\Users\shosu\Documents\Visual Studio 2017\Proyects\CompuGraficaProyecto\ComputacionGraficaAvanzadaProyecto\Release\glfw.pdb'; se vinculará el objeto sin tener en cuenta información de depuración
glfw3.lib(window.obj) : warning LNK4099: no se encontró PDB 'glfw.pdb' con 'glfw3.lib(window.obj)' o en 'C:\Users\shosu\Documents\Visual Studio 2017\Proyects\CompuGraficaProyecto\ComputacionGraficaAvanzadaProyecto\Release\glfw.pdb'; se vinculará el objeto sin tener en cuenta información de depuración
glfw3.lib(win32_init.obj) : warning LNK4099: no se encontró PDB 'glfw.pdb' con 'glfw3.lib(win32_init.obj)' o en 'C:\Users\shosu\Documents\Visual Studio 2017\Proyects\CompuGraficaProyecto\ComputacionGraficaAvanzadaProyecto\Release\glfw.pdb'; se vinculará el objeto sin tener en cuenta información de depuración
glfw3.lib(win32_joystick.obj) : warning LNK4099: no se encontró PDB 'glfw.pdb' con 'glfw3.lib(win32_joystick.obj)' o en 'C:\Users\shosu\Documents\Visual Studio 2017\Proyects\CompuGraficaProyecto\ComputacionGraficaAvanzadaProyecto\Release\glfw.pdb'; se vinculará el objeto sin tener en cuenta información de depuración
glfw3.lib(win32_monitor.obj) : warning LNK4099: no se encontró PDB 'glfw.pdb' con 'glfw3.lib(win32_monitor.obj)' o en 'C:\Users\shosu\Documents\Visual Studio 2017\Proyects\CompuGraficaProyecto\ComputacionGraficaAvanzadaProyecto\Release\glfw.pdb'; se vinculará el objeto sin tener en cuenta información de depuración
glfw3.lib(win32_time.obj) : warning LNK4099: no se encontró PDB 'glfw.pdb' con 'glfw3.lib(win32_time.obj)' o en 'C:\Users\shosu\Documents\Visual Studio 2017\Proyects\CompuGraficaProyecto\ComputacionGraficaAvanzadaProyecto\Release\glfw.pdb'; se vinculará el objeto sin tener en cuenta información de depuración
glfw3.lib(win32_tls.obj) : warning LNK4099: no se encontró PDB 'glfw.pdb' con 'glfw3.lib(win32_tls.obj)' o en 'C:\Users\shosu\Documents\Visual Studio 2017\Proyects\CompuGraficaProyecto\ComputacionGraficaAvanzadaProyecto\Release\glfw.pdb'; se vinculará el objeto sin tener en cuenta información de depuración
glfw3.lib(win32_window.obj) : warning LNK4099: no se encontró PDB 'glfw.pdb' con 'glfw3.lib(win32_window.obj)' o en 'C:\Users\shosu\Documents\Visual Studio 2017\Proyects\CompuGraficaProyecto\ComputacionGraficaAvanzadaProyecto\Release\glfw.pdb'; se vinculará el objeto sin tener en cuenta información de depuración
glfw3.lib(wgl_context.obj) : warning LNK4099: no se encontró PDB 'glfw.pdb' con 'glfw3.lib(wgl_context.obj)' o en 'C:\Users\shosu\Documents\Visual Studio 2017\Proyects\CompuGraficaProyecto\ComputacionGraficaAvanzadaProyecto\Release\glfw.pdb'; se vinculará el objeto sin tener en cuenta información de depuración
glfw3.lib(egl_context.obj) : warning LNK4099: no se encontró PDB 'glfw.pdb' con 'glfw3.lib(egl_context.obj)' o en 'C:\Users\shosu\Documents\Visual Studio 2017\Proyects\CompuGraficaProyecto\ComputacionGraficaAvanzadaProyecto\Release\glfw.pdb'; se vinculará el objeto sin tener en cuenta información de depuración
  14-OpenAL.vcxproj -> C:\Users\shosu\Documents\Visual Studio 2017\Proyects\CompuGraficaProyecto\ComputacionGraficaAvanzadaProyecto\Release\Defense Pods.exe
