  Bones.cpp
c:\users\shosu\documents\visual studio 2017\proyects\compugraficaproyecto\computaciongraficaavanzadaproyecto\cgalib\include\headers\bones.h(111): warning C4251: 'Bones::m_BoneMapping': class 'std::map<std::string,unsigned int,std::less<_Kty>,std::allocator<std::pair<const _Kty,_Ty>>>' necesita tener una interfaz DLL para que la utilicen los clientes de class 'Bones'
          with
          [
              _Kty=std::string,
              _Ty=unsigned int
          ]
  c:\users\shosu\documents\visual studio 2017\proyects\compugraficaproyecto\computaciongraficaavanzadaproyecto\cgalib\include\headers\bones.h(111): note: vea la declaración de 'std::map<std::string,unsigned int,std::less<_Kty>,std::allocator<std::pair<const _Kty,_Ty>>>'
          with
          [
              _Kty=std::string,
              _Ty=unsigned int
          ]
c:\users\shosu\documents\visual studio 2017\proyects\compugraficaproyecto\computaciongraficaavanzadaproyecto\cgalib\include\headers\bones.h(112): warning C4251: 'Bones::m_BoneInfo': class 'std::vector<Bones::BoneInfo,std::allocator<_Ty>>' necesita tener una interfaz DLL para que la utilicen los clientes de class 'Bones'
          with
          [
              _Ty=Bones::BoneInfo
          ]
  c:\users\shosu\documents\visual studio 2017\proyects\compugraficaproyecto\computaciongraficaavanzadaproyecto\cgalib\include\headers\bones.h(112): note: vea la declaración de 'std::vector<Bones::BoneInfo,std::allocator<_Ty>>'
          with
          [
              _Ty=Bones::BoneInfo
          ]
c:\users\shosu\documents\visual studio 2017\proyects\compugraficaproyecto\computaciongraficaavanzadaproyecto\cgalib\include\headers\bones.h(113): warning C4251: 'Bones::bones': class 'std::vector<Bones::VertexBoneData,std::allocator<_Ty>>' necesita tener una interfaz DLL para que la utilicen los clientes de class 'Bones'
          with
          [
              _Ty=Bones::VertexBoneData
          ]
  c:\users\shosu\documents\visual studio 2017\proyects\compugraficaproyecto\computaciongraficaavanzadaproyecto\cgalib\include\headers\bones.h(113): note: vea la declaración de 'std::vector<Bones::VertexBoneData,std::allocator<_Ty>>'
          with
          [
              _Ty=Bones::VertexBoneData
          ]
c:\users\shosu\documents\visual studio 2017\proyects\compugraficaproyecto\computaciongraficaavanzadaproyecto\cgalib\src\bones.cpp(88): warning C4018: '<': no coinciden signed/unsigned
  Box.cpp
c:\users\shosu\documents\visual studio 2017\proyects\compugraficaproyecto\computaciongraficaavanzadaproyecto\cgalib\include\headers\abstractmodel.h(264): warning C4251: 'AbstractModel::position': struct 'glm::vec<3,float,0>' necesita tener una interfaz DLL para que la utilicen los clientes de class 'AbstractModel'
  c:\users\shosu\documents\visual studio 2017\proyects\compugraficaproyecto\computaciongraficaavanzadaproyecto\external\glm\glm\fwd.hpp(418): note: vea la declaración de 'glm::vec<3,float,0>'
c:\users\shosu\documents\visual studio 2017\proyects\compugraficaproyecto\computaciongraficaavanzadaproyecto\cgalib\include\headers\abstractmodel.h(265): warning C4251: 'AbstractModel::scale': struct 'glm::vec<3,float,0>' necesita tener una interfaz DLL para que la utilicen los clientes de class 'AbstractModel'
  c:\users\shosu\documents\visual studio 2017\proyects\compugraficaproyecto\computaciongraficaavanzadaproyecto\external\glm\glm\fwd.hpp(418): note: vea la declaración de 'glm::vec<3,float,0>'
c:\users\shosu\documents\visual studio 2017\proyects\compugraficaproyecto\computaciongraficaavanzadaproyecto\cgalib\include\headers\abstractmodel.h(266): warning C4251: 'AbstractModel::color': struct 'glm::vec<4,float,0>' necesita tener una interfaz DLL para que la utilicen los clientes de class 'AbstractModel'
  c:\users\shosu\documents\visual studio 2017\proyects\compugraficaproyecto\computaciongraficaavanzadaproyecto\external\glm\glm\fwd.hpp(419): note: vea la declaración de 'glm::vec<4,float,0>'
c:\users\shosu\documents\visual studio 2017\proyects\compugraficaproyecto\computaciongraficaavanzadaproyecto\cgalib\include\headers\abstractmodel.h(267): warning C4251: 'AbstractModel::orientation': struct 'glm::vec<3,float,0>' necesita tener una interfaz DLL para que la utilicen los clientes de class 'AbstractModel'
  c:\users\shosu\documents\visual studio 2017\proyects\compugraficaproyecto\computaciongraficaavanzadaproyecto\external\glm\glm\fwd.hpp(418): note: vea la declaración de 'glm::vec<3,float,0>'
c:\users\shosu\documents\visual studio 2017\proyects\compugraficaproyecto\computaciongraficaavanzadaproyecto\cgalib\include\headers\abstractmodel.h(269): warning C4251: 'AbstractModel::vertexArray': class 'std::vector<AbstractModel::Vertex,std::allocator<_Ty>>' necesita tener una interfaz DLL para que la utilicen los clientes de class 'AbstractModel'
          with
          [
              _Ty=AbstractModel::Vertex
          ]
  c:\users\shosu\documents\visual studio 2017\proyects\compugraficaproyecto\computaciongraficaavanzadaproyecto\cgalib\include\headers\abstractmodel.h(245): note: vea la declaración de 'std::vector<AbstractModel::Vertex,std::allocator<_Ty>>'
          with
          [
              _Ty=AbstractModel::Vertex
          ]
c:\users\shosu\documents\visual studio 2017\proyects\compugraficaproyecto\computaciongraficaavanzadaproyecto\cgalib\include\headers\abstractmodel.h(270): warning C4251: 'AbstractModel::index': class 'std::vector<GLuint,std::allocator<_Ty>>' necesita tener una interfaz DLL para que la utilicen los clientes de class 'AbstractModel'
          with
          [
              _Ty=GLuint
          ]
  c:\users\shosu\documents\visual studio 2017\proyects\compugraficaproyecto\computaciongraficaavanzadaproyecto\cgalib\include\headers\abstractmodel.h(270): note: vea la declaración de 'std::vector<GLuint,std::allocator<_Ty>>'
          with
          [
              _Ty=GLuint
          ]
c:\users\shosu\documents\visual studio 2017\proyects\compugraficaproyecto\computaciongraficaavanzadaproyecto\cgalib\include\headers\abstractmodel.h(271): warning C4251: 'AbstractModel::aabb': class 'AbstractModel::AABB' necesita tener una interfaz DLL para que la utilicen los clientes de class 'AbstractModel'
  c:\users\shosu\documents\visual studio 2017\proyects\compugraficaproyecto\computaciongraficaavanzadaproyecto\cgalib\include\headers\abstractmodel.h(65): note: vea la declaración de 'AbstractModel::AABB'
c:\users\shosu\documents\visual studio 2017\proyects\compugraficaproyecto\computaciongraficaavanzadaproyecto\cgalib\include\headers\abstractmodel.h(272): warning C4251: 'AbstractModel::sbb': class 'AbstractModel::SBB' necesita tener una interfaz DLL para que la utilicen los clientes de class 'AbstractModel'
  c:\users\shosu\documents\visual studio 2017\proyects\compugraficaproyecto\computaciongraficaavanzadaproyecto\cgalib\include\headers\abstractmodel.h(51): note: vea la declaración de 'AbstractModel::SBB'
c:\users\shosu\documents\visual studio 2017\proyects\compugraficaproyecto\computaciongraficaavanzadaproyecto\cgalib\include\headers\abstractmodel.h(273): warning C4251: 'AbstractModel::obb': class 'AbstractModel::OBB' necesita tener una interfaz DLL para que la utilicen los clientes de class 'AbstractModel'
  c:\users\shosu\documents\visual studio 2017\proyects\compugraficaproyecto\computaciongraficaavanzadaproyecto\cgalib\include\headers\abstractmodel.h(94): note: vea la declaración de 'AbstractModel::OBB'
c:\users\shosu\documents\visual studio 2017\proyects\compugraficaproyecto\computaciongraficaavanzadaproyecto\cgalib\include\headers\abstractmodel.h(75): warning C4244: '=': conversión de 'double' a 'T'; posible pérdida de datos
          with
          [
              T=float
          ]
c:\users\shosu\documents\visual studio 2017\proyects\compugraficaproyecto\computaciongraficaavanzadaproyecto\cgalib\include\headers\abstractmodel.h(76): warning C4244: '=': conversión de 'double' a 'T'; posible pérdida de datos
          with
          [
              T=float
          ]
c:\users\shosu\documents\visual studio 2017\proyects\compugraficaproyecto\computaciongraficaavanzadaproyecto\cgalib\include\headers\abstractmodel.h(77): warning C4244: '=': conversión de 'double' a 'T'; posible pérdida de datos
          with
          [
              T=float
          ]
c:\users\shosu\documents\visual studio 2017\proyects\compugraficaproyecto\computaciongraficaavanzadaproyecto\cgalib\include\headers\abstractmodel.h(78): warning C4244: '=': conversión de 'double' a 'T'; posible pérdida de datos
          with
          [
              T=float
          ]
c:\users\shosu\documents\visual studio 2017\proyects\compugraficaproyecto\computaciongraficaavanzadaproyecto\cgalib\include\headers\abstractmodel.h(79): warning C4244: '=': conversión de 'double' a 'T'; posible pérdida de datos
          with
          [
              T=float
          ]
c:\users\shosu\documents\visual studio 2017\proyects\compugraficaproyecto\computaciongraficaavanzadaproyecto\cgalib\include\headers\abstractmodel.h(80): warning C4244: '=': conversión de 'double' a 'T'; posible pérdida de datos
          with
          [
              T=float
          ]
c:\users\shosu\documents\visual studio 2017\proyects\compugraficaproyecto\computaciongraficaavanzadaproyecto\cgalib\include\headers\box.h(37): warning C4251: 'Box::aabb': class 'AbstractModel::AABB' necesita tener una interfaz DLL para que la utilicen los clientes de class 'Box'
  c:\users\shosu\documents\visual studio 2017\proyects\compugraficaproyecto\computaciongraficaavanzadaproyecto\cgalib\include\headers\abstractmodel.h(65): note: vea la declaración de 'AbstractModel::AABB'
  Cylinder.cpp
c:\users\shosu\documents\visual studio 2017\proyects\compugraficaproyecto\computaciongraficaavanzadaproyecto\cgalib\include\headers\abstractmodel.h(264): warning C4251: 'AbstractModel::position': struct 'glm::vec<3,float,0>' necesita tener una interfaz DLL para que la utilicen los clientes de class 'AbstractModel'
  c:\users\shosu\documents\visual studio 2017\proyects\compugraficaproyecto\computaciongraficaavanzadaproyecto\external\glm\glm\fwd.hpp(418): note: vea la declaración de 'glm::vec<3,float,0>'
c:\users\shosu\documents\visual studio 2017\proyects\compugraficaproyecto\computaciongraficaavanzadaproyecto\cgalib\include\headers\abstractmodel.h(265): warning C4251: 'AbstractModel::scale': struct 'glm::vec<3,float,0>' necesita tener una interfaz DLL para que la utilicen los clientes de class 'AbstractModel'
  c:\users\shosu\documents\visual studio 2017\proyects\compugraficaproyecto\computaciongraficaavanzadaproyecto\external\glm\glm\fwd.hpp(418): note: vea la declaración de 'glm::vec<3,float,0>'
c:\users\shosu\documents\visual studio 2017\proyects\compugraficaproyecto\computaciongraficaavanzadaproyecto\cgalib\include\headers\abstractmodel.h(266): warning C4251: 'AbstractModel::color': struct 'glm::vec<4,float,0>' necesita tener una interfaz DLL para que la utilicen los clientes de class 'AbstractModel'
  c:\users\shosu\documents\visual studio 2017\proyects\compugraficaproyecto\computaciongraficaavanzadaproyecto\external\glm\glm\fwd.hpp(419): note: vea la declaración de 'glm::vec<4,float,0>'
c:\users\shosu\documents\visual studio 2017\proyects\compugraficaproyecto\computaciongraficaavanzadaproyecto\cgalib\include\headers\abstractmodel.h(267): warning C4251: 'AbstractModel::orientation': struct 'glm::vec<3,float,0>' necesita tener una interfaz DLL para que la utilicen los clientes de class 'AbstractModel'
  c:\users\shosu\documents\visual studio 2017\proyects\compugraficaproyecto\computaciongraficaavanzadaproyecto\external\glm\glm\fwd.hpp(418): note: vea la declaración de 'glm::vec<3,float,0>'
c:\users\shosu\documents\visual studio 2017\proyects\compugraficaproyecto\computaciongraficaavanzadaproyecto\cgalib\include\headers\abstractmodel.h(269): warning C4251: 'AbstractModel::vertexArray': class 'std::vector<AbstractModel::Vertex,std::allocator<_Ty>>' necesita tener una interfaz DLL para que la utilicen los clientes de class 'AbstractModel'
          with
          [
              _Ty=AbstractModel::Vertex
          ]
  c:\users\shosu\documents\visual studio 2017\proyects\compugraficaproyecto\computaciongraficaavanzadaproyecto\cgalib\include\headers\abstractmodel.h(245): note: vea la declaración de 'std::vector<AbstractModel::Vertex,std::allocator<_Ty>>'
          with
          [
              _Ty=AbstractModel::Vertex
          ]
c:\users\shosu\documents\visual studio 2017\proyects\compugraficaproyecto\computaciongraficaavanzadaproyecto\cgalib\include\headers\abstractmodel.h(270): warning C4251: 'AbstractModel::index': class 'std::vector<GLuint,std::allocator<_Ty>>' necesita tener una interfaz DLL para que la utilicen los clientes de class 'AbstractModel'
          with
          [
              _Ty=GLuint
          ]
  c:\users\shosu\documents\visual studio 2017\proyects\compugraficaproyecto\computaciongraficaavanzadaproyecto\cgalib\include\headers\abstractmodel.h(270): note: vea la declaración de 'std::vector<GLuint,std::allocator<_Ty>>'
          with
          [
              _Ty=GLuint
          ]
c:\users\shosu\documents\visual studio 2017\proyects\compugraficaproyecto\computaciongraficaavanzadaproyecto\cgalib\include\headers\abstractmodel.h(271): warning C4251: 'AbstractModel::aabb': class 'AbstractModel::AABB' necesita tener una interfaz DLL para que la utilicen los clientes de class 'AbstractModel'
  c:\users\shosu\documents\visual studio 2017\proyects\compugraficaproyecto\computaciongraficaavanzadaproyecto\cgalib\include\headers\abstractmodel.h(65): note: vea la declaración de 'AbstractModel::AABB'
c:\users\shosu\documents\visual studio 2017\proyects\compugraficaproyecto\computaciongraficaavanzadaproyecto\cgalib\include\headers\abstractmodel.h(272): warning C4251: 'AbstractModel::sbb': class 'AbstractModel::SBB' necesita tener una interfaz DLL para que la utilicen los clientes de class 'AbstractModel'
  c:\users\shosu\documents\visual studio 2017\proyects\compugraficaproyecto\computaciongraficaavanzadaproyecto\cgalib\include\headers\abstractmodel.h(51): note: vea la declaración de 'AbstractModel::SBB'
c:\users\shosu\documents\visual studio 2017\proyects\compugraficaproyecto\computaciongraficaavanzadaproyecto\cgalib\include\headers\abstractmodel.h(273): warning C4251: 'AbstractModel::obb': class 'AbstractModel::OBB' necesita tener una interfaz DLL para que la utilicen los clientes de class 'AbstractModel'
  c:\users\shosu\documents\visual studio 2017\proyects\compugraficaproyecto\computaciongraficaavanzadaproyecto\cgalib\include\headers\abstractmodel.h(94): note: vea la declaración de 'AbstractModel::OBB'
c:\users\shosu\documents\visual studio 2017\proyects\compugraficaproyecto\computaciongraficaavanzadaproyecto\cgalib\include\headers\abstractmodel.h(75): warning C4244: '=': conversión de 'double' a 'T'; posible pérdida de datos
          with
          [
              T=float
          ]
c:\users\shosu\documents\visual studio 2017\proyects\compugraficaproyecto\computaciongraficaavanzadaproyecto\cgalib\include\headers\abstractmodel.h(76): warning C4244: '=': conversión de 'double' a 'T'; posible pérdida de datos
          with
          [
              T=float
          ]
c:\users\shosu\documents\visual studio 2017\proyects\compugraficaproyecto\computaciongraficaavanzadaproyecto\cgalib\include\headers\abstractmodel.h(77): warning C4244: '=': conversión de 'double' a 'T'; posible pérdida de datos
          with
          [
              T=float
          ]
c:\users\shosu\documents\visual studio 2017\proyects\compugraficaproyecto\computaciongraficaavanzadaproyecto\cgalib\include\headers\abstractmodel.h(78): warning C4244: '=': conversión de 'double' a 'T'; posible pérdida de datos
          with
          [
              T=float
          ]
c:\users\shosu\documents\visual studio 2017\proyects\compugraficaproyecto\computaciongraficaavanzadaproyecto\cgalib\include\headers\abstractmodel.h(79): warning C4244: '=': conversión de 'double' a 'T'; posible pérdida de datos
          with
          [
              T=float
          ]
c:\users\shosu\documents\visual studio 2017\proyects\compugraficaproyecto\computaciongraficaavanzadaproyecto\cgalib\include\headers\abstractmodel.h(80): warning C4244: '=': conversión de 'double' a 'T'; posible pérdida de datos
          with
          [
              T=float
          ]
c:\users\shosu\documents\visual studio 2017\proyects\compugraficaproyecto\computaciongraficaavanzadaproyecto\cgalib\src\cylinder.cpp(33): warning C4244: 'inicializando': conversión de 'double' a 'float'; posible pérdida de datos
c:\users\shosu\documents\visual studio 2017\proyects\compugraficaproyecto\computaciongraficaavanzadaproyecto\cgalib\src\cylinder.cpp(34): warning C4244: 'inicializando': conversión de 'double' a 'float'; posible pérdida de datos
c:\users\shosu\documents\visual studio 2017\proyects\compugraficaproyecto\computaciongraficaavanzadaproyecto\cgalib\src\cylinder.cpp(44): warning C4244: 'inicializando': conversión de 'double' a 'float'; posible pérdida de datos
c:\users\shosu\documents\visual studio 2017\proyects\compugraficaproyecto\computaciongraficaavanzadaproyecto\cgalib\src\cylinder.cpp(45): warning C4244: 'inicializando': conversión de 'double' a 'float'; posible pérdida de datos
  FirstPersonCamera.cpp
c:\users\shosu\documents\visual studio 2017\proyects\compugraficaproyecto\computaciongraficaavanzadaproyecto\cgalib\include\headers\camera.h(115): warning C4251: 'Camera::position': struct 'glm::vec<3,float,0>' necesita tener una interfaz DLL para que la utilicen los clientes de class 'Camera'
  c:\users\shosu\documents\visual studio 2017\proyects\compugraficaproyecto\computaciongraficaavanzadaproyecto\external\glm\glm\fwd.hpp(418): note: vea la declaración de 'glm::vec<3,float,0>'
c:\users\shosu\documents\visual studio 2017\proyects\compugraficaproyecto\computaciongraficaavanzadaproyecto\cgalib\include\headers\camera.h(116): warning C4251: 'Camera::front': struct 'glm::vec<3,float,0>' necesita tener una interfaz DLL para que la utilicen los clientes de class 'Camera'
  c:\users\shosu\documents\visual studio 2017\proyects\compugraficaproyecto\computaciongraficaavanzadaproyecto\external\glm\glm\fwd.hpp(418): note: vea la declaración de 'glm::vec<3,float,0>'
c:\users\shosu\documents\visual studio 2017\proyects\compugraficaproyecto\computaciongraficaavanzadaproyecto\cgalib\include\headers\camera.h(117): warning C4251: 'Camera::up': struct 'glm::vec<3,float,0>' necesita tener una interfaz DLL para que la utilicen los clientes de class 'Camera'
  c:\users\shosu\documents\visual studio 2017\proyects\compugraficaproyecto\computaciongraficaavanzadaproyecto\external\glm\glm\fwd.hpp(418): note: vea la declaración de 'glm::vec<3,float,0>'
c:\users\shosu\documents\visual studio 2017\proyects\compugraficaproyecto\computaciongraficaavanzadaproyecto\cgalib\include\headers\camera.h(118): warning C4251: 'Camera::right': struct 'glm::vec<3,float,0>' necesita tener una interfaz DLL para que la utilicen los clientes de class 'Camera'
  c:\users\shosu\documents\visual studio 2017\proyects\compugraficaproyecto\computaciongraficaavanzadaproyecto\external\glm\glm\fwd.hpp(418): note: vea la declaración de 'glm::vec<3,float,0>'
c:\users\shosu\documents\visual studio 2017\proyects\compugraficaproyecto\computaciongraficaavanzadaproyecto\cgalib\include\headers\camera.h(119): warning C4251: 'Camera::worldUp': struct 'glm::vec<3,float,0>' necesita tener una interfaz DLL para que la utilicen los clientes de class 'Camera'
  c:\users\shosu\documents\visual studio 2017\proyects\compugraficaproyecto\computaciongraficaavanzadaproyecto\external\glm\glm\fwd.hpp(418): note: vea la declaración de 'glm::vec<3,float,0>'
c:\users\shosu\documents\visual studio 2017\proyects\compugraficaproyecto\computaciongraficaavanzadaproyecto\cgalib\include\headers\camera.h(121): warning C4251: 'Camera::cameraTarget': struct 'glm::vec<3,float,0>' necesita tener una interfaz DLL para que la utilicen los clientes de class 'Camera'
  c:\users\shosu\documents\visual studio 2017\proyects\compugraficaproyecto\computaciongraficaavanzadaproyecto\external\glm\glm\fwd.hpp(418): note: vea la declaración de 'glm::vec<3,float,0>'
  Mesh.cpp
c:\users\shosu\documents\visual studio 2017\proyects\compugraficaproyecto\computaciongraficaavanzadaproyecto\cgalib\include\headers\abstractmodel.h(264): warning C4251: 'AbstractModel::position': struct 'glm::vec<3,float,0>' necesita tener una interfaz DLL para que la utilicen los clientes de class 'AbstractModel'
  c:\users\shosu\documents\visual studio 2017\proyects\compugraficaproyecto\computaciongraficaavanzadaproyecto\external\glm\glm\fwd.hpp(418): note: vea la declaración de 'glm::vec<3,float,0>'
c:\users\shosu\documents\visual studio 2017\proyects\compugraficaproyecto\computaciongraficaavanzadaproyecto\cgalib\include\headers\abstractmodel.h(265): warning C4251: 'AbstractModel::scale': struct 'glm::vec<3,float,0>' necesita tener una interfaz DLL para que la utilicen los clientes de class 'AbstractModel'
  c:\users\shosu\documents\visual studio 2017\proyects\compugraficaproyecto\computaciongraficaavanzadaproyecto\external\glm\glm\fwd.hpp(418): note: vea la declaración de 'glm::vec<3,float,0>'
c:\users\shosu\documents\visual studio 2017\proyects\compugraficaproyecto\computaciongraficaavanzadaproyecto\cgalib\include\headers\abstractmodel.h(266): warning C4251: 'AbstractModel::color': struct 'glm::vec<4,float,0>' necesita tener una interfaz DLL para que la utilicen los clientes de class 'AbstractModel'
  c:\users\shosu\documents\visual studio 2017\proyects\compugraficaproyecto\computaciongraficaavanzadaproyecto\external\glm\glm\fwd.hpp(419): note: vea la declaración de 'glm::vec<4,float,0>'
c:\users\shosu\documents\visual studio 2017\proyects\compugraficaproyecto\computaciongraficaavanzadaproyecto\cgalib\include\headers\abstractmodel.h(267): warning C4251: 'AbstractModel::orientation': struct 'glm::vec<3,float,0>' necesita tener una interfaz DLL para que la utilicen los clientes de class 'AbstractModel'
  c:\users\shosu\documents\visual studio 2017\proyects\compugraficaproyecto\computaciongraficaavanzadaproyecto\external\glm\glm\fwd.hpp(418): note: vea la declaración de 'glm::vec<3,float,0>'
c:\users\shosu\documents\visual studio 2017\proyects\compugraficaproyecto\computaciongraficaavanzadaproyecto\cgalib\include\headers\abstractmodel.h(269): warning C4251: 'AbstractModel::vertexArray': class 'std::vector<AbstractModel::Vertex,std::allocator<_Ty>>' necesita tener una interfaz DLL para que la utilicen los clientes de class 'AbstractModel'
          with
          [
              _Ty=AbstractModel::Vertex
          ]
  c:\users\shosu\documents\visual studio 2017\proyects\compugraficaproyecto\computaciongraficaavanzadaproyecto\cgalib\include\headers\abstractmodel.h(245): note: vea la declaración de 'std::vector<AbstractModel::Vertex,std::allocator<_Ty>>'
          with
          [
              _Ty=AbstractModel::Vertex
          ]
c:\users\shosu\documents\visual studio 2017\proyects\compugraficaproyecto\computaciongraficaavanzadaproyecto\cgalib\include\headers\abstractmodel.h(270): warning C4251: 'AbstractModel::index': class 'std::vector<GLuint,std::allocator<_Ty>>' necesita tener una interfaz DLL para que la utilicen los clientes de class 'AbstractModel'
          with
          [
              _Ty=GLuint
          ]
  c:\users\shosu\documents\visual studio 2017\proyects\compugraficaproyecto\computaciongraficaavanzadaproyecto\cgalib\include\headers\abstractmodel.h(270): note: vea la declaración de 'std::vector<GLuint,std::allocator<_Ty>>'
          with
          [
              _Ty=GLuint
          ]
c:\users\shosu\documents\visual studio 2017\proyects\compugraficaproyecto\computaciongraficaavanzadaproyecto\cgalib\include\headers\abstractmodel.h(271): warning C4251: 'AbstractModel::aabb': class 'AbstractModel::AABB' necesita tener una interfaz DLL para que la utilicen los clientes de class 'AbstractModel'
  c:\users\shosu\documents\visual studio 2017\proyects\compugraficaproyecto\computaciongraficaavanzadaproyecto\cgalib\include\headers\abstractmodel.h(65): note: vea la declaración de 'AbstractModel::AABB'
c:\users\shosu\documents\visual studio 2017\proyects\compugraficaproyecto\computaciongraficaavanzadaproyecto\cgalib\include\headers\abstractmodel.h(272): warning C4251: 'AbstractModel::sbb': class 'AbstractModel::SBB' necesita tener una interfaz DLL para que la utilicen los clientes de class 'AbstractModel'
  c:\users\shosu\documents\visual studio 2017\proyects\compugraficaproyecto\computaciongraficaavanzadaproyecto\cgalib\include\headers\abstractmodel.h(51): note: vea la declaración de 'AbstractModel::SBB'
c:\users\shosu\documents\visual studio 2017\proyects\compugraficaproyecto\computaciongraficaavanzadaproyecto\cgalib\include\headers\abstractmodel.h(273): warning C4251: 'AbstractModel::obb': class 'AbstractModel::OBB' necesita tener una interfaz DLL para que la utilicen los clientes de class 'AbstractModel'
  c:\users\shosu\documents\visual studio 2017\proyects\compugraficaproyecto\computaciongraficaavanzadaproyecto\cgalib\include\headers\abstractmodel.h(94): note: vea la declaración de 'AbstractModel::OBB'
c:\users\shosu\documents\visual studio 2017\proyects\compugraficaproyecto\computaciongraficaavanzadaproyecto\cgalib\include\headers\abstractmodel.h(75): warning C4244: '=': conversión de 'double' a 'T'; posible pérdida de datos
          with
          [
              T=float
          ]
c:\users\shosu\documents\visual studio 2017\proyects\compugraficaproyecto\computaciongraficaavanzadaproyecto\cgalib\include\headers\abstractmodel.h(76): warning C4244: '=': conversión de 'double' a 'T'; posible pérdida de datos
          with
          [
              T=float
          ]
c:\users\shosu\documents\visual studio 2017\proyects\compugraficaproyecto\computaciongraficaavanzadaproyecto\cgalib\include\headers\abstractmodel.h(77): warning C4244: '=': conversión de 'double' a 'T'; posible pérdida de datos
          with
          [
              T=float
          ]
c:\users\shosu\documents\visual studio 2017\proyects\compugraficaproyecto\computaciongraficaavanzadaproyecto\cgalib\include\headers\abstractmodel.h(78): warning C4244: '=': conversión de 'double' a 'T'; posible pérdida de datos
          with
          [
              T=float
          ]
c:\users\shosu\documents\visual studio 2017\proyects\compugraficaproyecto\computaciongraficaavanzadaproyecto\cgalib\include\headers\abstractmodel.h(79): warning C4244: '=': conversión de 'double' a 'T'; posible pérdida de datos
          with
          [
              T=float
          ]
c:\users\shosu\documents\visual studio 2017\proyects\compugraficaproyecto\computaciongraficaavanzadaproyecto\cgalib\include\headers\abstractmodel.h(80): warning C4244: '=': conversión de 'double' a 'T'; posible pérdida de datos
          with
          [
              T=float
          ]
c:\users\shosu\documents\visual studio 2017\proyects\compugraficaproyecto\computaciongraficaavanzadaproyecto\cgalib\include\headers\texture.h(66): warning C4251: 'Texture::m_fileName': class 'std::basic_string<char,std::char_traits<char>,std::allocator<char>>' necesita tener una interfaz DLL para que la utilicen los clientes de class 'Texture'
  c:\program files (x86)\microsoft visual studio\2017\community\vc\tools\msvc\14.16.27023\include\xstring(4373): note: vea la declaración de 'std::basic_string<char,std::char_traits<char>,std::allocator<char>>'
c:\users\shosu\documents\visual studio 2017\proyects\compugraficaproyecto\computaciongraficaavanzadaproyecto\cgalib\include\headers\texture.h(69): warning C4251: 'Texture::type': class 'std::basic_string<char,std::char_traits<char>,std::allocator<char>>' necesita tener una interfaz DLL para que la utilicen los clientes de class 'Texture'
  c:\program files (x86)\microsoft visual studio\2017\community\vc\tools\msvc\14.16.27023\include\xstring(4373): note: vea la declaración de 'std::basic_string<char,std::char_traits<char>,std::allocator<char>>'
c:\users\shosu\documents\visual studio 2017\proyects\compugraficaproyecto\computaciongraficaavanzadaproyecto\cgalib\include\headers\bones.h(111): warning C4251: 'Bones::m_BoneMapping': class 'std::map<std::string,unsigned int,std::less<_Kty>,std::allocator<std::pair<const _Kty,_Ty>>>' necesita tener una interfaz DLL para que la utilicen los clientes de class 'Bones'
          with
          [
              _Kty=std::string,
              _Ty=unsigned int
          ]
  c:\users\shosu\documents\visual studio 2017\proyects\compugraficaproyecto\computaciongraficaavanzadaproyecto\cgalib\include\headers\bones.h(111): note: vea la declaración de 'std::map<std::string,unsigned int,std::less<_Kty>,std::allocator<std::pair<const _Kty,_Ty>>>'
          with
          [
              _Kty=std::string,
              _Ty=unsigned int
          ]
c:\users\shosu\documents\visual studio 2017\proyects\compugraficaproyecto\computaciongraficaavanzadaproyecto\cgalib\include\headers\bones.h(112): warning C4251: 'Bones::m_BoneInfo': class 'std::vector<Bones::BoneInfo,std::allocator<_Ty>>' necesita tener una interfaz DLL para que la utilicen los clientes de class 'Bones'
          with
          [
              _Ty=Bones::BoneInfo
          ]
  c:\users\shosu\documents\visual studio 2017\proyects\compugraficaproyecto\computaciongraficaavanzadaproyecto\cgalib\include\headers\bones.h(112): note: vea la declaración de 'std::vector<Bones::BoneInfo,std::allocator<_Ty>>'
          with
          [
              _Ty=Bones::BoneInfo
          ]
c:\users\shosu\documents\visual studio 2017\proyects\compugraficaproyecto\computaciongraficaavanzadaproyecto\cgalib\include\headers\bones.h(113): warning C4251: 'Bones::bones': class 'std::vector<Bones::VertexBoneData,std::allocator<_Ty>>' necesita tener una interfaz DLL para que la utilicen los clientes de class 'Bones'
          with
          [
              _Ty=Bones::VertexBoneData
          ]
  c:\users\shosu\documents\visual studio 2017\proyects\compugraficaproyecto\computaciongraficaavanzadaproyecto\cgalib\include\headers\bones.h(113): note: vea la declaración de 'std::vector<Bones::VertexBoneData,std::allocator<_Ty>>'
          with
          [
              _Ty=Bones::VertexBoneData
          ]
c:\users\shosu\documents\visual studio 2017\proyects\compugraficaproyecto\computaciongraficaavanzadaproyecto\cgalib\include\headers\mesh.h(54): warning C4251: 'Mesh::textures': class 'std::vector<Texture *,std::allocator<_Ty>>' necesita tener una interfaz DLL para que la utilicen los clientes de class 'Mesh'
          with
          [
              _Ty=Texture *
          ]
  c:\users\shosu\documents\visual studio 2017\proyects\compugraficaproyecto\computaciongraficaavanzadaproyecto\cgalib\include\headers\mesh.h(54): note: vea la declaración de 'std::vector<Texture *,std::allocator<_Ty>>'
          with
          [
              _Ty=Texture *
          ]
  Model.cpp
c:\users\shosu\documents\visual studio 2017\proyects\compugraficaproyecto\computaciongraficaavanzadaproyecto\cgalib\include\headers\abstractmodel.h(264): warning C4251: 'AbstractModel::position': struct 'glm::vec<3,float,0>' necesita tener una interfaz DLL para que la utilicen los clientes de class 'AbstractModel'
  c:\users\shosu\documents\visual studio 2017\proyects\compugraficaproyecto\computaciongraficaavanzadaproyecto\external\glm\glm\fwd.hpp(418): note: vea la declaración de 'glm::vec<3,float,0>'
c:\users\shosu\documents\visual studio 2017\proyects\compugraficaproyecto\computaciongraficaavanzadaproyecto\cgalib\include\headers\abstractmodel.h(265): warning C4251: 'AbstractModel::scale': struct 'glm::vec<3,float,0>' necesita tener una interfaz DLL para que la utilicen los clientes de class 'AbstractModel'
  c:\users\shosu\documents\visual studio 2017\proyects\compugraficaproyecto\computaciongraficaavanzadaproyecto\external\glm\glm\fwd.hpp(418): note: vea la declaración de 'glm::vec<3,float,0>'
c:\users\shosu\documents\visual studio 2017\proyects\compugraficaproyecto\computaciongraficaavanzadaproyecto\cgalib\include\headers\abstractmodel.h(266): warning C4251: 'AbstractModel::color': struct 'glm::vec<4,float,0>' necesita tener una interfaz DLL para que la utilicen los clientes de class 'AbstractModel'
  c:\users\shosu\documents\visual studio 2017\proyects\compugraficaproyecto\computaciongraficaavanzadaproyecto\external\glm\glm\fwd.hpp(419): note: vea la declaración de 'glm::vec<4,float,0>'
c:\users\shosu\documents\visual studio 2017\proyects\compugraficaproyecto\computaciongraficaavanzadaproyecto\cgalib\include\headers\abstractmodel.h(267): warning C4251: 'AbstractModel::orientation': struct 'glm::vec<3,float,0>' necesita tener una interfaz DLL para que la utilicen los clientes de class 'AbstractModel'
  c:\users\shosu\documents\visual studio 2017\proyects\compugraficaproyecto\computaciongraficaavanzadaproyecto\external\glm\glm\fwd.hpp(418): note: vea la declaración de 'glm::vec<3,float,0>'
c:\users\shosu\documents\visual studio 2017\proyects\compugraficaproyecto\computaciongraficaavanzadaproyecto\cgalib\include\headers\abstractmodel.h(269): warning C4251: 'AbstractModel::vertexArray': class 'std::vector<AbstractModel::Vertex,std::allocator<_Ty>>' necesita tener una interfaz DLL para que la utilicen los clientes de class 'AbstractModel'
          with
          [
              _Ty=AbstractModel::Vertex
          ]
  c:\users\shosu\documents\visual studio 2017\proyects\compugraficaproyecto\computaciongraficaavanzadaproyecto\cgalib\include\headers\abstractmodel.h(245): note: vea la declaración de 'std::vector<AbstractModel::Vertex,std::allocator<_Ty>>'
          with
          [
              _Ty=AbstractModel::Vertex
          ]
c:\users\shosu\documents\visual studio 2017\proyects\compugraficaproyecto\computaciongraficaavanzadaproyecto\cgalib\include\headers\abstractmodel.h(270): warning C4251: 'AbstractModel::index': class 'std::vector<GLuint,std::allocator<_Ty>>' necesita tener una interfaz DLL para que la utilicen los clientes de class 'AbstractModel'
          with
          [
              _Ty=GLuint
          ]
  c:\users\shosu\documents\visual studio 2017\proyects\compugraficaproyecto\computaciongraficaavanzadaproyecto\cgalib\include\headers\abstractmodel.h(270): note: vea la declaración de 'std::vector<GLuint,std::allocator<_Ty>>'
          with
          [
              _Ty=GLuint
          ]
c:\users\shosu\documents\visual studio 2017\proyects\compugraficaproyecto\computaciongraficaavanzadaproyecto\cgalib\include\headers\abstractmodel.h(271): warning C4251: 'AbstractModel::aabb': class 'AbstractModel::AABB' necesita tener una interfaz DLL para que la utilicen los clientes de class 'AbstractModel'
  c:\users\shosu\documents\visual studio 2017\proyects\compugraficaproyecto\computaciongraficaavanzadaproyecto\cgalib\include\headers\abstractmodel.h(65): note: vea la declaración de 'AbstractModel::AABB'
c:\users\shosu\documents\visual studio 2017\proyects\compugraficaproyecto\computaciongraficaavanzadaproyecto\cgalib\include\headers\abstractmodel.h(272): warning C4251: 'AbstractModel::sbb': class 'AbstractModel::SBB' necesita tener una interfaz DLL para que la utilicen los clientes de class 'AbstractModel'
  c:\users\shosu\documents\visual studio 2017\proyects\compugraficaproyecto\computaciongraficaavanzadaproyecto\cgalib\include\headers\abstractmodel.h(51): note: vea la declaración de 'AbstractModel::SBB'
c:\users\shosu\documents\visual studio 2017\proyects\compugraficaproyecto\computaciongraficaavanzadaproyecto\cgalib\include\headers\abstractmodel.h(273): warning C4251: 'AbstractModel::obb': class 'AbstractModel::OBB' necesita tener una interfaz DLL para que la utilicen los clientes de class 'AbstractModel'
  c:\users\shosu\documents\visual studio 2017\proyects\compugraficaproyecto\computaciongraficaavanzadaproyecto\cgalib\include\headers\abstractmodel.h(94): note: vea la declaración de 'AbstractModel::OBB'
c:\users\shosu\documents\visual studio 2017\proyects\compugraficaproyecto\computaciongraficaavanzadaproyecto\cgalib\include\headers\abstractmodel.h(75): warning C4244: '=': conversión de 'double' a 'T'; posible pérdida de datos
          with
          [
              T=float
          ]
c:\users\shosu\documents\visual studio 2017\proyects\compugraficaproyecto\computaciongraficaavanzadaproyecto\cgalib\include\headers\abstractmodel.h(76): warning C4244: '=': conversión de 'double' a 'T'; posible pérdida de datos
          with
          [
              T=float
          ]
c:\users\shosu\documents\visual studio 2017\proyects\compugraficaproyecto\computaciongraficaavanzadaproyecto\cgalib\include\headers\abstractmodel.h(77): warning C4244: '=': conversión de 'double' a 'T'; posible pérdida de datos
          with
          [
              T=float
          ]
c:\users\shosu\documents\visual studio 2017\proyects\compugraficaproyecto\computaciongraficaavanzadaproyecto\cgalib\include\headers\abstractmodel.h(78): warning C4244: '=': conversión de 'double' a 'T'; posible pérdida de datos
          with
          [
              T=float
          ]
c:\users\shosu\documents\visual studio 2017\proyects\compugraficaproyecto\computaciongraficaavanzadaproyecto\cgalib\include\headers\abstractmodel.h(79): warning C4244: '=': conversión de 'double' a 'T'; posible pérdida de datos
          with
          [
              T=float
          ]
c:\users\shosu\documents\visual studio 2017\proyects\compugraficaproyecto\computaciongraficaavanzadaproyecto\cgalib\include\headers\abstractmodel.h(80): warning C4244: '=': conversión de 'double' a 'T'; posible pérdida de datos
          with
          [
              T=float
          ]
c:\users\shosu\documents\visual studio 2017\proyects\compugraficaproyecto\computaciongraficaavanzadaproyecto\cgalib\include\headers\texture.h(66): warning C4251: 'Texture::m_fileName': class 'std::basic_string<char,std::char_traits<char>,std::allocator<char>>' necesita tener una interfaz DLL para que la utilicen los clientes de class 'Texture'
  c:\program files (x86)\microsoft visual studio\2017\community\vc\tools\msvc\14.16.27023\include\xstring(4373): note: vea la declaración de 'std::basic_string<char,std::char_traits<char>,std::allocator<char>>'
c:\users\shosu\documents\visual studio 2017\proyects\compugraficaproyecto\computaciongraficaavanzadaproyecto\cgalib\include\headers\texture.h(69): warning C4251: 'Texture::type': class 'std::basic_string<char,std::char_traits<char>,std::allocator<char>>' necesita tener una interfaz DLL para que la utilicen los clientes de class 'Texture'
  c:\program files (x86)\microsoft visual studio\2017\community\vc\tools\msvc\14.16.27023\include\xstring(4373): note: vea la declaración de 'std::basic_string<char,std::char_traits<char>,std::allocator<char>>'
c:\users\shosu\documents\visual studio 2017\proyects\compugraficaproyecto\computaciongraficaavanzadaproyecto\cgalib\include\headers\bones.h(111): warning C4251: 'Bones::m_BoneMapping': class 'std::map<std::string,unsigned int,std::less<_Kty>,std::allocator<std::pair<const _Kty,_Ty>>>' necesita tener una interfaz DLL para que la utilicen los clientes de class 'Bones'
          with
          [
              _Kty=std::string,
              _Ty=unsigned int
          ]
  c:\users\shosu\documents\visual studio 2017\proyects\compugraficaproyecto\computaciongraficaavanzadaproyecto\cgalib\include\headers\bones.h(111): note: vea la declaración de 'std::map<std::string,unsigned int,std::less<_Kty>,std::allocator<std::pair<const _Kty,_Ty>>>'
          with
          [
              _Kty=std::string,
              _Ty=unsigned int
          ]
c:\users\shosu\documents\visual studio 2017\proyects\compugraficaproyecto\computaciongraficaavanzadaproyecto\cgalib\include\headers\bones.h(112): warning C4251: 'Bones::m_BoneInfo': class 'std::vector<Bones::BoneInfo,std::allocator<_Ty>>' necesita tener una interfaz DLL para que la utilicen los clientes de class 'Bones'
          with
          [
              _Ty=Bones::BoneInfo
          ]
  c:\users\shosu\documents\visual studio 2017\proyects\compugraficaproyecto\computaciongraficaavanzadaproyecto\cgalib\include\headers\bones.h(112): note: vea la declaración de 'std::vector<Bones::BoneInfo,std::allocator<_Ty>>'
          with
          [
              _Ty=Bones::BoneInfo
          ]
c:\users\shosu\documents\visual studio 2017\proyects\compugraficaproyecto\computaciongraficaavanzadaproyecto\cgalib\include\headers\bones.h(113): warning C4251: 'Bones::bones': class 'std::vector<Bones::VertexBoneData,std::allocator<_Ty>>' necesita tener una interfaz DLL para que la utilicen los clientes de class 'Bones'
          with
          [
              _Ty=Bones::VertexBoneData
          ]
  c:\users\shosu\documents\visual studio 2017\proyects\compugraficaproyecto\computaciongraficaavanzadaproyecto\cgalib\include\headers\bones.h(113): note: vea la declaración de 'std::vector<Bones::VertexBoneData,std::allocator<_Ty>>'
          with
          [
              _Ty=Bones::VertexBoneData
          ]
c:\users\shosu\documents\visual studio 2017\proyects\compugraficaproyecto\computaciongraficaavanzadaproyecto\cgalib\include\headers\mesh.h(54): warning C4251: 'Mesh::textures': class 'std::vector<Texture *,std::allocator<_Ty>>' necesita tener una interfaz DLL para que la utilicen los clientes de class 'Mesh'
          with
          [
              _Ty=Texture *
          ]
  c:\users\shosu\documents\visual studio 2017\proyects\compugraficaproyecto\computaciongraficaavanzadaproyecto\cgalib\include\headers\mesh.h(54): note: vea la declaración de 'std::vector<Texture *,std::allocator<_Ty>>'
          with
          [
              _Ty=Texture *
          ]
c:\users\shosu\documents\visual studio 2017\proyects\compugraficaproyecto\computaciongraficaavanzadaproyecto\cgalib\include\headers\model.h(66): warning C4251: 'Model::meshes': class 'std::vector<Mesh *,std::allocator<_Ty>>' necesita tener una interfaz DLL para que la utilicen los clientes de class 'Model'
          with
          [
              _Ty=Mesh *
          ]
  c:\users\shosu\documents\visual studio 2017\proyects\compugraficaproyecto\computaciongraficaavanzadaproyecto\cgalib\include\headers\model.h(50): note: vea la declaración de 'std::vector<Mesh *,std::allocator<_Ty>>'
          with
          [
              _Ty=Mesh *
          ]
c:\users\shosu\documents\visual studio 2017\proyects\compugraficaproyecto\computaciongraficaavanzadaproyecto\cgalib\include\headers\model.h(67): warning C4251: 'Model::textureLoaded': class 'std::vector<Texture *,std::allocator<_Ty>>' necesita tener una interfaz DLL para que la utilicen los clientes de class 'Model'
          with
          [
              _Ty=Texture *
          ]
  c:\users\shosu\documents\visual studio 2017\proyects\compugraficaproyecto\computaciongraficaavanzadaproyecto\cgalib\include\headers\mesh.h(54): note: vea la declaración de 'std::vector<Texture *,std::allocator<_Ty>>'
          with
          [
              _Ty=Texture *
          ]
c:\users\shosu\documents\visual studio 2017\proyects\compugraficaproyecto\computaciongraficaavanzadaproyecto\cgalib\include\headers\model.h(68): warning C4251: 'Model::directory': class 'std::basic_string<char,std::char_traits<char>,std::allocator<char>>' necesita tener una interfaz DLL para que la utilicen los clientes de class 'Model'
  c:\program files (x86)\microsoft visual studio\2017\community\vc\tools\msvc\14.16.27023\include\xstring(4373): note: vea la declaración de 'std::basic_string<char,std::char_traits<char>,std::allocator<char>>'
c:\users\shosu\documents\visual studio 2017\proyects\compugraficaproyecto\computaciongraficaavanzadaproyecto\cgalib\include\headers\model.h(70): warning C4251: 'Model::m_GlobalInverseTransform': struct 'glm::mat<4,4,glm::f32,0>' necesita tener una interfaz DLL para que la utilicen los clientes de class 'Model'
  c:\users\shosu\documents\visual studio 2017\proyects\compugraficaproyecto\computaciongraficaavanzadaproyecto\external\glm\glm\fwd.hpp(518): note: vea la declaración de 'glm::mat<4,4,glm::f32,0>'
c:\users\shosu\documents\visual studio 2017\proyects\compugraficaproyecto\computaciongraficaavanzadaproyecto\cgalib\include\headers\model.h(72): warning C4251: 'Model::importer': class 'Assimp::Importer' necesita tener una interfaz DLL para que la utilicen los clientes de class 'Model'
  c:\users\shosu\documents\visual studio 2017\proyects\compugraficaproyecto\computaciongraficaavanzadaproyecto\external\assimp\include\assimp\importer.hpp(115): note: vea la declaración de 'Assimp::Importer'
c:\users\shosu\documents\visual studio 2017\proyects\compugraficaproyecto\computaciongraficaavanzadaproyecto\cgalib\src\model.cpp(27): warning C4018: '<': no coinciden signed/unsigned
c:\users\shosu\documents\visual studio 2017\proyects\compugraficaproyecto\computaciongraficaavanzadaproyecto\cgalib\src\model.cpp(32): warning C4244: 'inicializando': conversión de 'double' a 'float'; posible pérdida de datos
  Shader.cpp
  ShadowBox.cpp
c:\users\shosu\documents\visual studio 2017\proyects\compugraficaproyecto\computaciongraficaavanzadaproyecto\cgalib\include\headers\camera.h(115): warning C4251: 'Camera::position': struct 'glm::vec<3,float,0>' necesita tener una interfaz DLL para que la utilicen los clientes de class 'Camera'
  c:\users\shosu\documents\visual studio 2017\proyects\compugraficaproyecto\computaciongraficaavanzadaproyecto\external\glm\glm\fwd.hpp(418): note: vea la declaración de 'glm::vec<3,float,0>'
c:\users\shosu\documents\visual studio 2017\proyects\compugraficaproyecto\computaciongraficaavanzadaproyecto\cgalib\include\headers\camera.h(116): warning C4251: 'Camera::front': struct 'glm::vec<3,float,0>' necesita tener una interfaz DLL para que la utilicen los clientes de class 'Camera'
  c:\users\shosu\documents\visual studio 2017\proyects\compugraficaproyecto\computaciongraficaavanzadaproyecto\external\glm\glm\fwd.hpp(418): note: vea la declaración de 'glm::vec<3,float,0>'
c:\users\shosu\documents\visual studio 2017\proyects\compugraficaproyecto\computaciongraficaavanzadaproyecto\cgalib\include\headers\camera.h(117): warning C4251: 'Camera::up': struct 'glm::vec<3,float,0>' necesita tener una interfaz DLL para que la utilicen los clientes de class 'Camera'
  c:\users\shosu\documents\visual studio 2017\proyects\compugraficaproyecto\computaciongraficaavanzadaproyecto\external\glm\glm\fwd.hpp(418): note: vea la declaración de 'glm::vec<3,float,0>'
c:\users\shosu\documents\visual studio 2017\proyects\compugraficaproyecto\computaciongraficaavanzadaproyecto\cgalib\include\headers\camera.h(118): warning C4251: 'Camera::right': struct 'glm::vec<3,float,0>' necesita tener una interfaz DLL para que la utilicen los clientes de class 'Camera'
  c:\users\shosu\documents\visual studio 2017\proyects\compugraficaproyecto\computaciongraficaavanzadaproyecto\external\glm\glm\fwd.hpp(418): note: vea la declaración de 'glm::vec<3,float,0>'
c:\users\shosu\documents\visual studio 2017\proyects\compugraficaproyecto\computaciongraficaavanzadaproyecto\cgalib\include\headers\camera.h(119): warning C4251: 'Camera::worldUp': struct 'glm::vec<3,float,0>' necesita tener una interfaz DLL para que la utilicen los clientes de class 'Camera'
  c:\users\shosu\documents\visual studio 2017\proyects\compugraficaproyecto\computaciongraficaavanzadaproyecto\external\glm\glm\fwd.hpp(418): note: vea la declaración de 'glm::vec<3,float,0>'
c:\users\shosu\documents\visual studio 2017\proyects\compugraficaproyecto\computaciongraficaavanzadaproyecto\cgalib\include\headers\camera.h(121): warning C4251: 'Camera::cameraTarget': struct 'glm::vec<3,float,0>' necesita tener una interfaz DLL para que la utilicen los clientes de class 'Camera'
  c:\users\shosu\documents\visual studio 2017\proyects\compugraficaproyecto\computaciongraficaavanzadaproyecto\external\glm\glm\fwd.hpp(418): note: vea la declaración de 'glm::vec<3,float,0>'
c:\users\shosu\documents\visual studio 2017\proyects\compugraficaproyecto\computaciongraficaavanzadaproyecto\cgalib\include\headers\shadowbox.h(40): warning C4251: 'ShadowBox::front': struct 'glm::vec<3,float,0>' necesita tener una interfaz DLL para que la utilicen los clientes de class 'ShadowBox'
  c:\users\shosu\documents\visual studio 2017\proyects\compugraficaproyecto\computaciongraficaavanzadaproyecto\external\glm\glm\fwd.hpp(418): note: vea la declaración de 'glm::vec<3,float,0>'
c:\users\shosu\documents\visual studio 2017\proyects\compugraficaproyecto\computaciongraficaavanzadaproyecto\cgalib\include\headers\shadowbox.h(41): warning C4251: 'ShadowBox::up': struct 'glm::vec<3,float,0>' necesita tener una interfaz DLL para que la utilicen los clientes de class 'ShadowBox'
  c:\users\shosu\documents\visual studio 2017\proyects\compugraficaproyecto\computaciongraficaavanzadaproyecto\external\glm\glm\fwd.hpp(418): note: vea la declaración de 'glm::vec<3,float,0>'
c:\users\shosu\documents\visual studio 2017\proyects\compugraficaproyecto\computaciongraficaavanzadaproyecto\cgalib\include\headers\shadowbox.h(42): warning C4251: 'ShadowBox::right': struct 'glm::vec<3,float,0>' necesita tener una interfaz DLL para que la utilicen los clientes de class 'ShadowBox'
  c:\users\shosu\documents\visual studio 2017\proyects\compugraficaproyecto\computaciongraficaavanzadaproyecto\external\glm\glm\fwd.hpp(418): note: vea la declaración de 'glm::vec<3,float,0>'
c:\users\shosu\documents\visual studio 2017\proyects\compugraficaproyecto\computaciongraficaavanzadaproyecto\cgalib\include\headers\shadowbox.h(43): warning C4251: 'ShadowBox::mins': struct 'glm::vec<3,float,0>' necesita tener una interfaz DLL para que la utilicen los clientes de class 'ShadowBox'
  c:\users\shosu\documents\visual studio 2017\proyects\compugraficaproyecto\computaciongraficaavanzadaproyecto\external\glm\glm\fwd.hpp(418): note: vea la declaración de 'glm::vec<3,float,0>'
c:\users\shosu\documents\visual studio 2017\proyects\compugraficaproyecto\computaciongraficaavanzadaproyecto\cgalib\include\headers\shadowbox.h(44): warning C4251: 'ShadowBox::maxs': struct 'glm::vec<3,float,0>' necesita tener una interfaz DLL para que la utilicen los clientes de class 'ShadowBox'
  c:\users\shosu\documents\visual studio 2017\proyects\compugraficaproyecto\computaciongraficaavanzadaproyecto\external\glm\glm\fwd.hpp(418): note: vea la declaración de 'glm::vec<3,float,0>'
c:\users\shosu\documents\visual studio 2017\proyects\compugraficaproyecto\computaciongraficaavanzadaproyecto\cgalib\src\shadowbox.cpp(14): warning C4244: 'inicializando': conversión de 'double' a 'float'; posible pérdida de datos
c:\users\shosu\documents\visual studio 2017\proyects\compugraficaproyecto\computaciongraficaavanzadaproyecto\cgalib\src\shadowbox.cpp(15): warning C4244: 'inicializando': conversión de 'double' a 'float'; posible pérdida de datos
c:\users\shosu\documents\visual studio 2017\proyects\compugraficaproyecto\computaciongraficaavanzadaproyecto\cgalib\src\shadowbox.cpp(16): warning C4244: 'inicializando': conversión de 'double' a 'float'; posible pérdida de datos
c:\users\shosu\documents\visual studio 2017\proyects\compugraficaproyecto\computaciongraficaavanzadaproyecto\cgalib\src\shadowbox.cpp(17): warning C4244: 'inicializando': conversión de 'double' a 'float'; posible pérdida de datos
  Sphere.cpp
c:\users\shosu\documents\visual studio 2017\proyects\compugraficaproyecto\computaciongraficaavanzadaproyecto\cgalib\include\headers\abstractmodel.h(264): warning C4251: 'AbstractModel::position': struct 'glm::vec<3,float,0>' necesita tener una interfaz DLL para que la utilicen los clientes de class 'AbstractModel'
  c:\users\shosu\documents\visual studio 2017\proyects\compugraficaproyecto\computaciongraficaavanzadaproyecto\external\glm\glm\fwd.hpp(418): note: vea la declaración de 'glm::vec<3,float,0>'
c:\users\shosu\documents\visual studio 2017\proyects\compugraficaproyecto\computaciongraficaavanzadaproyecto\cgalib\include\headers\abstractmodel.h(265): warning C4251: 'AbstractModel::scale': struct 'glm::vec<3,float,0>' necesita tener una interfaz DLL para que la utilicen los clientes de class 'AbstractModel'
  c:\users\shosu\documents\visual studio 2017\proyects\compugraficaproyecto\computaciongraficaavanzadaproyecto\external\glm\glm\fwd.hpp(418): note: vea la declaración de 'glm::vec<3,float,0>'
c:\users\shosu\documents\visual studio 2017\proyects\compugraficaproyecto\computaciongraficaavanzadaproyecto\cgalib\include\headers\abstractmodel.h(266): warning C4251: 'AbstractModel::color': struct 'glm::vec<4,float,0>' necesita tener una interfaz DLL para que la utilicen los clientes de class 'AbstractModel'
  c:\users\shosu\documents\visual studio 2017\proyects\compugraficaproyecto\computaciongraficaavanzadaproyecto\external\glm\glm\fwd.hpp(419): note: vea la declaración de 'glm::vec<4,float,0>'
c:\users\shosu\documents\visual studio 2017\proyects\compugraficaproyecto\computaciongraficaavanzadaproyecto\cgalib\include\headers\abstractmodel.h(267): warning C4251: 'AbstractModel::orientation': struct 'glm::vec<3,float,0>' necesita tener una interfaz DLL para que la utilicen los clientes de class 'AbstractModel'
  c:\users\shosu\documents\visual studio 2017\proyects\compugraficaproyecto\computaciongraficaavanzadaproyecto\external\glm\glm\fwd.hpp(418): note: vea la declaración de 'glm::vec<3,float,0>'
c:\users\shosu\documents\visual studio 2017\proyects\compugraficaproyecto\computaciongraficaavanzadaproyecto\cgalib\include\headers\abstractmodel.h(269): warning C4251: 'AbstractModel::vertexArray': class 'std::vector<AbstractModel::Vertex,std::allocator<_Ty>>' necesita tener una interfaz DLL para que la utilicen los clientes de class 'AbstractModel'
          with
          [
              _Ty=AbstractModel::Vertex
          ]
  c:\users\shosu\documents\visual studio 2017\proyects\compugraficaproyecto\computaciongraficaavanzadaproyecto\cgalib\include\headers\abstractmodel.h(245): note: vea la declaración de 'std::vector<AbstractModel::Vertex,std::allocator<_Ty>>'
          with
          [
              _Ty=AbstractModel::Vertex
          ]
c:\users\shosu\documents\visual studio 2017\proyects\compugraficaproyecto\computaciongraficaavanzadaproyecto\cgalib\include\headers\abstractmodel.h(270): warning C4251: 'AbstractModel::index': class 'std::vector<GLuint,std::allocator<_Ty>>' necesita tener una interfaz DLL para que la utilicen los clientes de class 'AbstractModel'
          with
          [
              _Ty=GLuint
          ]
  c:\users\shosu\documents\visual studio 2017\proyects\compugraficaproyecto\computaciongraficaavanzadaproyecto\cgalib\include\headers\abstractmodel.h(270): note: vea la declaración de 'std::vector<GLuint,std::allocator<_Ty>>'
          with
          [
              _Ty=GLuint
          ]
c:\users\shosu\documents\visual studio 2017\proyects\compugraficaproyecto\computaciongraficaavanzadaproyecto\cgalib\include\headers\abstractmodel.h(271): warning C4251: 'AbstractModel::aabb': class 'AbstractModel::AABB' necesita tener una interfaz DLL para que la utilicen los clientes de class 'AbstractModel'
  c:\users\shosu\documents\visual studio 2017\proyects\compugraficaproyecto\computaciongraficaavanzadaproyecto\cgalib\include\headers\abstractmodel.h(65): note: vea la declaración de 'AbstractModel::AABB'
c:\users\shosu\documents\visual studio 2017\proyects\compugraficaproyecto\computaciongraficaavanzadaproyecto\cgalib\include\headers\abstractmodel.h(272): warning C4251: 'AbstractModel::sbb': class 'AbstractModel::SBB' necesita tener una interfaz DLL para que la utilicen los clientes de class 'AbstractModel'
  c:\users\shosu\documents\visual studio 2017\proyects\compugraficaproyecto\computaciongraficaavanzadaproyecto\cgalib\include\headers\abstractmodel.h(51): note: vea la declaración de 'AbstractModel::SBB'
c:\users\shosu\documents\visual studio 2017\proyects\compugraficaproyecto\computaciongraficaavanzadaproyecto\cgalib\include\headers\abstractmodel.h(273): warning C4251: 'AbstractModel::obb': class 'AbstractModel::OBB' necesita tener una interfaz DLL para que la utilicen los clientes de class 'AbstractModel'
  c:\users\shosu\documents\visual studio 2017\proyects\compugraficaproyecto\computaciongraficaavanzadaproyecto\cgalib\include\headers\abstractmodel.h(94): note: vea la declaración de 'AbstractModel::OBB'
c:\users\shosu\documents\visual studio 2017\proyects\compugraficaproyecto\computaciongraficaavanzadaproyecto\cgalib\include\headers\abstractmodel.h(75): warning C4244: '=': conversión de 'double' a 'T'; posible pérdida de datos
          with
          [
              T=float
          ]
c:\users\shosu\documents\visual studio 2017\proyects\compugraficaproyecto\computaciongraficaavanzadaproyecto\cgalib\include\headers\abstractmodel.h(76): warning C4244: '=': conversión de 'double' a 'T'; posible pérdida de datos
          with
          [
              T=float
          ]
c:\users\shosu\documents\visual studio 2017\proyects\compugraficaproyecto\computaciongraficaavanzadaproyecto\cgalib\include\headers\abstractmodel.h(77): warning C4244: '=': conversión de 'double' a 'T'; posible pérdida de datos
          with
          [
              T=float
          ]
c:\users\shosu\documents\visual studio 2017\proyects\compugraficaproyecto\computaciongraficaavanzadaproyecto\cgalib\include\headers\abstractmodel.h(78): warning C4244: '=': conversión de 'double' a 'T'; posible pérdida de datos
          with
          [
              T=float
          ]
c:\users\shosu\documents\visual studio 2017\proyects\compugraficaproyecto\computaciongraficaavanzadaproyecto\cgalib\include\headers\abstractmodel.h(79): warning C4244: '=': conversión de 'double' a 'T'; posible pérdida de datos
          with
          [
              T=float
          ]
c:\users\shosu\documents\visual studio 2017\proyects\compugraficaproyecto\computaciongraficaavanzadaproyecto\cgalib\include\headers\abstractmodel.h(80): warning C4244: '=': conversión de 'double' a 'T'; posible pérdida de datos
          with
          [
              T=float
          ]
c:\users\shosu\documents\visual studio 2017\proyects\compugraficaproyecto\computaciongraficaavanzadaproyecto\cgalib\include\headers\sphere.h(39): warning C4251: 'Sphere::sbb': class 'AbstractModel::SBB' necesita tener una interfaz DLL para que la utilicen los clientes de class 'Sphere'
  c:\users\shosu\documents\visual studio 2017\proyects\compugraficaproyecto\computaciongraficaavanzadaproyecto\cgalib\include\headers\abstractmodel.h(51): note: vea la declaración de 'AbstractModel::SBB'
c:\users\shosu\documents\visual studio 2017\proyects\compugraficaproyecto\computaciongraficaavanzadaproyecto\cgalib\src\sphere.cpp(8): warning C4244: 'inicializando': conversión de 'double' a 'float'; posible pérdida de datos
c:\users\shosu\documents\visual studio 2017\proyects\compugraficaproyecto\computaciongraficaavanzadaproyecto\cgalib\src\sphere.cpp(12): warning C4244: 'inicializando': conversión de 'double' a 'float'; posible pérdida de datos
  Terrain.cpp
c:\users\shosu\documents\visual studio 2017\proyects\compugraficaproyecto\computaciongraficaavanzadaproyecto\cgalib\include\headers\abstractmodel.h(264): warning C4251: 'AbstractModel::position': struct 'glm::vec<3,float,0>' necesita tener una interfaz DLL para que la utilicen los clientes de class 'AbstractModel'
  c:\users\shosu\documents\visual studio 2017\proyects\compugraficaproyecto\computaciongraficaavanzadaproyecto\external\glm\glm\fwd.hpp(418): note: vea la declaración de 'glm::vec<3,float,0>'
c:\users\shosu\documents\visual studio 2017\proyects\compugraficaproyecto\computaciongraficaavanzadaproyecto\cgalib\include\headers\abstractmodel.h(265): warning C4251: 'AbstractModel::scale': struct 'glm::vec<3,float,0>' necesita tener una interfaz DLL para que la utilicen los clientes de class 'AbstractModel'
  c:\users\shosu\documents\visual studio 2017\proyects\compugraficaproyecto\computaciongraficaavanzadaproyecto\external\glm\glm\fwd.hpp(418): note: vea la declaración de 'glm::vec<3,float,0>'
c:\users\shosu\documents\visual studio 2017\proyects\compugraficaproyecto\computaciongraficaavanzadaproyecto\cgalib\include\headers\abstractmodel.h(266): warning C4251: 'AbstractModel::color': struct 'glm::vec<4,float,0>' necesita tener una interfaz DLL para que la utilicen los clientes de class 'AbstractModel'
  c:\users\shosu\documents\visual studio 2017\proyects\compugraficaproyecto\computaciongraficaavanzadaproyecto\external\glm\glm\fwd.hpp(419): note: vea la declaración de 'glm::vec<4,float,0>'
c:\users\shosu\documents\visual studio 2017\proyects\compugraficaproyecto\computaciongraficaavanzadaproyecto\cgalib\include\headers\abstractmodel.h(267): warning C4251: 'AbstractModel::orientation': struct 'glm::vec<3,float,0>' necesita tener una interfaz DLL para que la utilicen los clientes de class 'AbstractModel'
  c:\users\shosu\documents\visual studio 2017\proyects\compugraficaproyecto\computaciongraficaavanzadaproyecto\external\glm\glm\fwd.hpp(418): note: vea la declaración de 'glm::vec<3,float,0>'
c:\users\shosu\documents\visual studio 2017\proyects\compugraficaproyecto\computaciongraficaavanzadaproyecto\cgalib\include\headers\abstractmodel.h(269): warning C4251: 'AbstractModel::vertexArray': class 'std::vector<AbstractModel::Vertex,std::allocator<_Ty>>' necesita tener una interfaz DLL para que la utilicen los clientes de class 'AbstractModel'
          with
          [
              _Ty=AbstractModel::Vertex
          ]
  c:\users\shosu\documents\visual studio 2017\proyects\compugraficaproyecto\computaciongraficaavanzadaproyecto\cgalib\include\headers\abstractmodel.h(245): note: vea la declaración de 'std::vector<AbstractModel::Vertex,std::allocator<_Ty>>'
          with
          [
              _Ty=AbstractModel::Vertex
          ]
c:\users\shosu\documents\visual studio 2017\proyects\compugraficaproyecto\computaciongraficaavanzadaproyecto\cgalib\include\headers\abstractmodel.h(270): warning C4251: 'AbstractModel::index': class 'std::vector<GLuint,std::allocator<_Ty>>' necesita tener una interfaz DLL para que la utilicen los clientes de class 'AbstractModel'
          with
          [
              _Ty=GLuint
          ]
  c:\users\shosu\documents\visual studio 2017\proyects\compugraficaproyecto\computaciongraficaavanzadaproyecto\cgalib\include\headers\abstractmodel.h(270): note: vea la declaración de 'std::vector<GLuint,std::allocator<_Ty>>'
          with
          [
              _Ty=GLuint
          ]
c:\users\shosu\documents\visual studio 2017\proyects\compugraficaproyecto\computaciongraficaavanzadaproyecto\cgalib\include\headers\abstractmodel.h(271): warning C4251: 'AbstractModel::aabb': class 'AbstractModel::AABB' necesita tener una interfaz DLL para que la utilicen los clientes de class 'AbstractModel'
  c:\users\shosu\documents\visual studio 2017\proyects\compugraficaproyecto\computaciongraficaavanzadaproyecto\cgalib\include\headers\abstractmodel.h(65): note: vea la declaración de 'AbstractModel::AABB'
c:\users\shosu\documents\visual studio 2017\proyects\compugraficaproyecto\computaciongraficaavanzadaproyecto\cgalib\include\headers\abstractmodel.h(272): warning C4251: 'AbstractModel::sbb': class 'AbstractModel::SBB' necesita tener una interfaz DLL para que la utilicen los clientes de class 'AbstractModel'
  c:\users\shosu\documents\visual studio 2017\proyects\compugraficaproyecto\computaciongraficaavanzadaproyecto\cgalib\include\headers\abstractmodel.h(51): note: vea la declaración de 'AbstractModel::SBB'
c:\users\shosu\documents\visual studio 2017\proyects\compugraficaproyecto\computaciongraficaavanzadaproyecto\cgalib\include\headers\abstractmodel.h(273): warning C4251: 'AbstractModel::obb': class 'AbstractModel::OBB' necesita tener una interfaz DLL para que la utilicen los clientes de class 'AbstractModel'
  c:\users\shosu\documents\visual studio 2017\proyects\compugraficaproyecto\computaciongraficaavanzadaproyecto\cgalib\include\headers\abstractmodel.h(94): note: vea la declaración de 'AbstractModel::OBB'
c:\users\shosu\documents\visual studio 2017\proyects\compugraficaproyecto\computaciongraficaavanzadaproyecto\cgalib\include\headers\abstractmodel.h(75): warning C4244: '=': conversión de 'double' a 'T'; posible pérdida de datos
          with
          [
              T=float
          ]
c:\users\shosu\documents\visual studio 2017\proyects\compugraficaproyecto\computaciongraficaavanzadaproyecto\cgalib\include\headers\abstractmodel.h(76): warning C4244: '=': conversión de 'double' a 'T'; posible pérdida de datos
          with
          [
              T=float
          ]
c:\users\shosu\documents\visual studio 2017\proyects\compugraficaproyecto\computaciongraficaavanzadaproyecto\cgalib\include\headers\abstractmodel.h(77): warning C4244: '=': conversión de 'double' a 'T'; posible pérdida de datos
          with
          [
              T=float
          ]
c:\users\shosu\documents\visual studio 2017\proyects\compugraficaproyecto\computaciongraficaavanzadaproyecto\cgalib\include\headers\abstractmodel.h(78): warning C4244: '=': conversión de 'double' a 'T'; posible pérdida de datos
          with
          [
              T=float
          ]
c:\users\shosu\documents\visual studio 2017\proyects\compugraficaproyecto\computaciongraficaavanzadaproyecto\cgalib\include\headers\abstractmodel.h(79): warning C4244: '=': conversión de 'double' a 'T'; posible pérdida de datos
          with
          [
              T=float
          ]
c:\users\shosu\documents\visual studio 2017\proyects\compugraficaproyecto\computaciongraficaavanzadaproyecto\cgalib\include\headers\abstractmodel.h(80): warning C4244: '=': conversión de 'double' a 'T'; posible pérdida de datos
          with
          [
              T=float
          ]
c:\users\shosu\documents\visual studio 2017\proyects\compugraficaproyecto\computaciongraficaavanzadaproyecto\cgalib\include\headers\texture.h(66): warning C4251: 'Texture::m_fileName': class 'std::basic_string<char,std::char_traits<char>,std::allocator<char>>' necesita tener una interfaz DLL para que la utilicen los clientes de class 'Texture'
  c:\program files (x86)\microsoft visual studio\2017\community\vc\tools\msvc\14.16.27023\include\xstring(4373): note: vea la declaración de 'std::basic_string<char,std::char_traits<char>,std::allocator<char>>'
c:\users\shosu\documents\visual studio 2017\proyects\compugraficaproyecto\computaciongraficaavanzadaproyecto\cgalib\include\headers\texture.h(69): warning C4251: 'Texture::type': class 'std::basic_string<char,std::char_traits<char>,std::allocator<char>>' necesita tener una interfaz DLL para que la utilicen los clientes de class 'Texture'
  c:\program files (x86)\microsoft visual studio\2017\community\vc\tools\msvc\14.16.27023\include\xstring(4373): note: vea la declaración de 'std::basic_string<char,std::char_traits<char>,std::allocator<char>>'
c:\users\shosu\documents\visual studio 2017\proyects\compugraficaproyecto\computaciongraficaavanzadaproyecto\cgalib\include\headers\terrain.h(50): warning C4251: 'Terrain::heightMap': class 'std::basic_string<char,std::char_traits<char>,std::allocator<char>>' necesita tener una interfaz DLL para que la utilicen los clientes de class 'Terrain'
  c:\program files (x86)\microsoft visual studio\2017\community\vc\tools\msvc\14.16.27023\include\xstring(4373): note: vea la declaración de 'std::basic_string<char,std::char_traits<char>,std::allocator<char>>'
c:\users\shosu\documents\visual studio 2017\proyects\compugraficaproyecto\computaciongraficaavanzadaproyecto\cgalib\src\terrain.cpp(113): warning C4244: 'inicializando': conversión de 'float' a 'int'; posible pérdida de datos
c:\users\shosu\documents\visual studio 2017\proyects\compugraficaproyecto\computaciongraficaavanzadaproyecto\cgalib\src\terrain.cpp(114): warning C4244: 'inicializando': conversión de 'float' a 'int'; posible pérdida de datos
c:\users\shosu\documents\visual studio 2017\proyects\compugraficaproyecto\computaciongraficaavanzadaproyecto\cgalib\src\terrain.cpp(139): warning C4244: 'inicializando': conversión de 'float' a 'int'; posible pérdida de datos
c:\users\shosu\documents\visual studio 2017\proyects\compugraficaproyecto\computaciongraficaavanzadaproyecto\cgalib\src\terrain.cpp(140): warning C4244: 'inicializando': conversión de 'float' a 'int'; posible pérdida de datos
  Texture.cpp
c:\users\shosu\documents\visual studio 2017\proyects\compugraficaproyecto\computaciongraficaavanzadaproyecto\cgalib\include\headers\texture.h(66): warning C4251: 'Texture::m_fileName': class 'std::basic_string<char,std::char_traits<char>,std::allocator<char>>' necesita tener una interfaz DLL para que la utilicen los clientes de class 'Texture'
  c:\program files (x86)\microsoft visual studio\2017\community\vc\tools\msvc\14.16.27023\include\xstring(4373): note: vea la declaración de 'std::basic_string<char,std::char_traits<char>,std::allocator<char>>'
c:\users\shosu\documents\visual studio 2017\proyects\compugraficaproyecto\computaciongraficaavanzadaproyecto\cgalib\include\headers\texture.h(69): warning C4251: 'Texture::type': class 'std::basic_string<char,std::char_traits<char>,std::allocator<char>>' necesita tener una interfaz DLL para que la utilicen los clientes de class 'Texture'
  c:\program files (x86)\microsoft visual studio\2017\community\vc\tools\msvc\14.16.27023\include\xstring(4373): note: vea la declaración de 'std::basic_string<char,std::char_traits<char>,std::allocator<char>>'
  ThirdPersonCamera.cpp
c:\users\shosu\documents\visual studio 2017\proyects\compugraficaproyecto\computaciongraficaavanzadaproyecto\cgalib\include\headers\camera.h(115): warning C4251: 'Camera::position': struct 'glm::vec<3,float,0>' necesita tener una interfaz DLL para que la utilicen los clientes de class 'Camera'
  c:\users\shosu\documents\visual studio 2017\proyects\compugraficaproyecto\computaciongraficaavanzadaproyecto\external\glm\glm\fwd.hpp(418): note: vea la declaración de 'glm::vec<3,float,0>'
c:\users\shosu\documents\visual studio 2017\proyects\compugraficaproyecto\computaciongraficaavanzadaproyecto\cgalib\include\headers\camera.h(116): warning C4251: 'Camera::front': struct 'glm::vec<3,float,0>' necesita tener una interfaz DLL para que la utilicen los clientes de class 'Camera'
  c:\users\shosu\documents\visual studio 2017\proyects\compugraficaproyecto\computaciongraficaavanzadaproyecto\external\glm\glm\fwd.hpp(418): note: vea la declaración de 'glm::vec<3,float,0>'
c:\users\shosu\documents\visual studio 2017\proyects\compugraficaproyecto\computaciongraficaavanzadaproyecto\cgalib\include\headers\camera.h(117): warning C4251: 'Camera::up': struct 'glm::vec<3,float,0>' necesita tener una interfaz DLL para que la utilicen los clientes de class 'Camera'
  c:\users\shosu\documents\visual studio 2017\proyects\compugraficaproyecto\computaciongraficaavanzadaproyecto\external\glm\glm\fwd.hpp(418): note: vea la declaración de 'glm::vec<3,float,0>'
c:\users\shosu\documents\visual studio 2017\proyects\compugraficaproyecto\computaciongraficaavanzadaproyecto\cgalib\include\headers\camera.h(118): warning C4251: 'Camera::right': struct 'glm::vec<3,float,0>' necesita tener una interfaz DLL para que la utilicen los clientes de class 'Camera'
  c:\users\shosu\documents\visual studio 2017\proyects\compugraficaproyecto\computaciongraficaavanzadaproyecto\external\glm\glm\fwd.hpp(418): note: vea la declaración de 'glm::vec<3,float,0>'
c:\users\shosu\documents\visual studio 2017\proyects\compugraficaproyecto\computaciongraficaavanzadaproyecto\cgalib\include\headers\camera.h(119): warning C4251: 'Camera::worldUp': struct 'glm::vec<3,float,0>' necesita tener una interfaz DLL para que la utilicen los clientes de class 'Camera'
  c:\users\shosu\documents\visual studio 2017\proyects\compugraficaproyecto\computaciongraficaavanzadaproyecto\external\glm\glm\fwd.hpp(418): note: vea la declaración de 'glm::vec<3,float,0>'
c:\users\shosu\documents\visual studio 2017\proyects\compugraficaproyecto\computaciongraficaavanzadaproyecto\cgalib\include\headers\camera.h(121): warning C4251: 'Camera::cameraTarget': struct 'glm::vec<3,float,0>' necesita tener una interfaz DLL para que la utilicen los clientes de class 'Camera'
  c:\users\shosu\documents\visual studio 2017\proyects\compugraficaproyecto\computaciongraficaavanzadaproyecto\external\glm\glm\fwd.hpp(418): note: vea la declaración de 'glm::vec<3,float,0>'
c:\users\shosu\documents\visual studio 2017\proyects\compugraficaproyecto\computaciongraficaavanzadaproyecto\cgalib\src\thirdpersoncamera.cpp(23): warning C4305: '=': truncamiento de 'double' a 'float'
c:\users\shosu\documents\visual studio 2017\proyects\compugraficaproyecto\computaciongraficaavanzadaproyecto\cgalib\src\thirdpersoncamera.cpp(25): warning C4305: '=': truncamiento de 'double' a 'float'
  TimeManager.cpp
  Generando código...
     Creando biblioteca C:\Users\shosu\Documents\Visual Studio 2017\Proyects\CompuGraficaProyecto\ComputacionGraficaAvanzadaProyecto\Debug\CGALib.lib y objeto C:\Users\shosu\Documents\Visual Studio 2017\Proyects\CompuGraficaProyecto\ComputacionGraficaAvanzadaProyecto\Debug\CGALib.exp
  CGALib.vcxproj -> C:\Users\shosu\Documents\Visual Studio 2017\Proyects\CompuGraficaProyecto\ComputacionGraficaAvanzadaProyecto\Debug\CGALib.dll
