c:\users\shosu\documents\visual studio 2017\proyects\compugraficaavanzada\computaciongraficaavanzada\debug\cgalib.lib
c:\users\shosu\documents\visual studio 2017\proyects\compugraficaavanzada\computaciongraficaavanzada\debug\cgalib.exp
c:\users\shosu\documents\visual studio 2017\proyects\compugraficaavanzada\computaciongraficaavanzada\cgalib\debug\vc141.pdb
c:\users\shosu\documents\visual studio 2017\proyects\compugraficaavanzada\computaciongraficaavanzada\cgalib\debug\vc141.idb
c:\users\shosu\documents\visual studio 2017\proyects\compugraficaavanzada\computaciongraficaavanzada\cgalib\debug\timemanager.obj
c:\users\shosu\documents\visual studio 2017\proyects\compugraficaavanzada\computaciongraficaavanzada\cgalib\debug\thirdpersoncamera.obj
c:\users\shosu\documents\visual studio 2017\proyects\compugraficaavanzada\computaciongraficaavanzada\cgalib\debug\texture.obj
c:\users\shosu\documents\visual studio 2017\proyects\compugraficaavanzada\computaciongraficaavanzada\cgalib\debug\terrain.obj
c:\users\shosu\documents\visual studio 2017\proyects\compugraficaavanzada\computaciongraficaavanzada\cgalib\debug\sphere.obj
c:\users\shosu\documents\visual studio 2017\proyects\compugraficaavanzada\computaciongraficaavanzada\cgalib\debug\shadowbox.obj
c:\users\shosu\documents\visual studio 2017\proyects\compugraficaavanzada\computaciongraficaavanzada\cgalib\debug\shader.obj
c:\users\shosu\documents\visual studio 2017\proyects\compugraficaavanzada\computaciongraficaavanzada\cgalib\debug\model.obj
c:\users\shosu\documents\visual studio 2017\proyects\compugraficaavanzada\computaciongraficaavanzada\cgalib\debug\mesh.obj
c:\users\shosu\documents\visual studio 2017\proyects\compugraficaavanzada\computaciongraficaavanzada\cgalib\debug\firstpersoncamera.obj
c:\users\shosu\documents\visual studio 2017\proyects\compugraficaavanzada\computaciongraficaavanzada\cgalib\debug\cylinder.obj
c:\users\shosu\documents\visual studio 2017\proyects\compugraficaavanzada\computaciongraficaavanzada\cgalib\debug\box.obj
c:\users\shosu\documents\visual studio 2017\proyects\compugraficaavanzada\computaciongraficaavanzada\cgalib\debug\bones.obj
c:\users\shosu\documents\visual studio 2017\proyects\compugraficaavanzada\computaciongraficaavanzada\debug\cgalib.ilk
c:\users\shosu\documents\visual studio 2017\proyects\compugraficaavanzada\computaciongraficaavanzada\debug\cgalib.dll
c:\users\shosu\documents\visual studio 2017\proyects\compugraficaavanzada\computaciongraficaavanzada\debug\cgalib.pdb
c:\users\shosu\documents\visual studio 2017\proyects\compugraficaavanzada\computaciongraficaavanzada\cgalib\debug\cgalib.tlog\cgalib.write.1u.tlog
c:\users\shosu\documents\visual studio 2017\proyects\compugraficaavanzada\computaciongraficaavanzada\cgalib\debug\cgalib.tlog\cl.command.1.tlog
c:\users\shosu\documents\visual studio 2017\proyects\compugraficaavanzada\computaciongraficaavanzada\cgalib\debug\cgalib.tlog\cl.read.1.tlog
c:\users\shosu\documents\visual studio 2017\proyects\compugraficaavanzada\computaciongraficaavanzada\cgalib\debug\cgalib.tlog\cl.write.1.tlog
c:\users\shosu\documents\visual studio 2017\proyects\compugraficaavanzada\computaciongraficaavanzada\cgalib\debug\cgalib.tlog\link.command.1.tlog
c:\users\shosu\documents\visual studio 2017\proyects\compugraficaavanzada\computaciongraficaavanzada\cgalib\debug\cgalib.tlog\link.read.1.tlog
c:\users\shosu\documents\visual studio 2017\proyects\compugraficaavanzada\computaciongraficaavanzada\cgalib\debug\cgalib.tlog\link.write.1.tlog
